{"timestamp":"2025-05-20 11:53:09.604","service":"payment-service","environment":"development","eventType":"INIT_START","level":"info","details":{"amount":"768.00","currency":"ETB","email":"","first_name":"seid","last_name":" ","phone_number":"0909090909","meta":{"tenantId":"88","hide_receipt":"true"}},"meta":{}}
{"timestamp":"2025-05-20 11:53:25.878","service":"payment-service","environment":"development","eventType":"INIT_SUCCESS","level":"info","details":{"tx_ref":"tx-1243ab9b255e-1747731195067"},"meta":{}}
{"timestamp":"2025-05-20 11:53:42.878","service":"payment-service","environment":"development","eventType":"VERIFY_START","level":"info","details":{"tx_ref":"tx-1243ab9b255e-1747731195067"},"meta":{}}
{"timestamp":"2025-05-20 11:53:44.366","service":"payment-service","environment":"development","eventType":"VERIFY_SUCCESS","level":"info","details":{"billId":126},"meta":{}}
{"timestamp":"2025-05-20 11:58:28.038","service":"payment-service","environment":"development","eventType":"INIT_START","level":"info","details":{"amount":"768.00","currency":"ETB","email":"","first_name":"seid","last_name":" ","phone_number":"0909090909","meta":{"tenantId":"88","hide_receipt":"true"}},"meta":{}}
{"timestamp":"2025-05-20 11:58:29.497","service":"payment-service","environment":"development","eventType":"INIT_SUCCESS","level":"info","details":{"tx_ref":"tx-a702f368bc98-1747731508058"},"meta":{}}
{"timestamp":"2025-05-20 11:58:42.397","service":"payment-service","environment":"development","eventType":"VERIFY_START","level":"info","details":{"tx_ref":"tx-a702f368bc98-1747731508058"},"meta":{}}
{"timestamp":"2025-05-20 11:58:43.479","service":"payment-service","environment":"development","eventType":"VERIFY_SUCCESS","level":"info","details":{"billId":128},"meta":{}}
{"timestamp":"2025-05-20 12:00:59.699","service":"payment-service","environment":"development","eventType":"INIT_START","level":"info","details":{"amount":"768.00","currency":"ETB","email":"","first_name":"seid","last_name":" ","phone_number":"0909090909","meta":{"tenantId":"88","hide_receipt":"true"}},"meta":{}}
{"timestamp":"2025-05-20 12:01:00.841","service":"payment-service","environment":"development","eventType":"INIT_SUCCESS","level":"info","details":{"tx_ref":"tx-7acf04ca8f3a-1747731659701"},"meta":{}}
{"timestamp":"2025-05-20 12:01:12.125","service":"payment-service","environment":"development","eventType":"VERIFY_START","level":"info","details":{"tx_ref":"tx-7acf04ca8f3a-1747731659701"},"meta":{}}
{"timestamp":"2025-05-20 12:01:13.141","service":"payment-service","environment":"development","eventType":"VERIFY_SUCCESS","level":"info","details":{"billId":129},"meta":{}}
{"timestamp":"2025-05-20 12:15:42.005","service":"payment-service","environment":"development","eventType":"INIT_START","level":"info","details":{"amount":"768.00","currency":"ETB","email":"","first_name":"seid","last_name":" ","phone_number":"0909090909","meta":{"tenantId":"88","hide_receipt":"true"}},"meta":{}}
{"timestamp":"2025-05-20 12:15:45.418","service":"payment-service","environment":"development","eventType":"INIT_SUCCESS","level":"info","details":{"tx_ref":"tx-559fe0e102d5-1747732542025"},"meta":{}}
{"timestamp":"2025-05-20 12:15:59.300","service":"payment-service","environment":"development","eventType":"VERIFY_START","level":"info","details":{"tx_ref":"tx-559fe0e102d5-1747732542025"},"meta":{}}
{"timestamp":"2025-05-20 12:16:00.428","service":"payment-service","environment":"development","eventType":"DB_ERROR","level":"error","details":{"message":"You have an error in your SQL syntax; check the manual that corresponds to your MariaDB server version for the right syntax to use near '/ <-- ADD THIS LINE\n        WHERE id = 130' at line 6"},"meta":{}}
{"timestamp":"2025-05-20 12:16:00.429","service":"payment-service","environment":"development","eventType":"VERIFY_ERROR","level":"error","details":{"message":"Database operation failed"},"meta":{}}
{"timestamp":"2025-05-20 12:18:43.145","service":"payment-service","environment":"development","eventType":"INIT_START","level":"info","details":{"amount":"768.00","currency":"ETB","email":"","first_name":"seid","last_name":" ","phone_number":"0909090909","meta":{"tenantId":"88","hide_receipt":"true"}},"meta":{}}
{"timestamp":"2025-05-20 12:18:45.115","service":"payment-service","environment":"development","eventType":"INIT_SUCCESS","level":"info","details":{"tx_ref":"tx-df622cab79db-1747732723162"},"meta":{}}
{"timestamp":"2025-05-20 12:18:54.781","service":"payment-service","environment":"development","eventType":"VERIFY_START","level":"info","details":{"tx_ref":"tx-df622cab79db-1747732723162"},"meta":{}}
{"timestamp":"2025-05-20 12:18:55.597","service":"payment-service","environment":"development","eventType":"DB_ERROR","level":"error","details":{"message":"Unknown column 'bill_generated' in 'field list'"},"meta":{}}
{"timestamp":"2025-05-20 12:18:55.598","service":"payment-service","environment":"development","eventType":"VERIFY_ERROR","level":"error","details":{"message":"Database operation failed"},"meta":{}}
{"timestamp":"2025-05-20 12:23:02.665","service":"payment-service","environment":"development","eventType":"INIT_START","level":"info","details":{"amount":"768.00","currency":"ETB","email":"","first_name":"seid","last_name":" ","phone_number":"0909090909","meta":{"tenantId":"88","hide_receipt":"true"}},"meta":{}}
{"timestamp":"2025-05-20 12:23:03.679","service":"payment-service","environment":"development","eventType":"INIT_SUCCESS","level":"info","details":{"tx_ref":"tx-6cf204e79043-1747732982670"},"meta":{}}
{"timestamp":"2025-05-20 12:23:11.398","service":"payment-service","environment":"development","eventType":"VERIFY_START","level":"info","details":{"tx_ref":"tx-6cf204e79043-1747732982670"},"meta":{}}
{"timestamp":"2025-05-20 12:23:12.318","service":"payment-service","environment":"development","eventType":"VERIFY_SUCCESS","level":"info","details":{"billId":130},"meta":{}}
{"timestamp":"2025-05-20 12:50:50.093","service":"payment-service","environment":"development","eventType":"INIT_START","level":"info","details":{"amount":"45.00","currency":"ETB","email":"","first_name":"abedla","last_name":" ","phone_number":"0911111111","meta":{"tenantId":"66","hide_receipt":"true"}},"meta":{}}
{"timestamp":"2025-05-20 12:50:51.030","service":"payment-service","environment":"development","eventType":"INIT_SUCCESS","level":"info","details":{"tx_ref":"tx-339532f92130-1747734650173"},"meta":{}}
{"timestamp":"2025-05-20 12:51:02.424","service":"payment-service","environment":"development","eventType":"VERIFY_START","level":"info","details":{"tx_ref":"tx-339532f92130-1747734650173"},"meta":{}}
{"timestamp":"2025-05-20 12:51:03.311","service":"payment-service","environment":"development","eventType":"VERIFY_SUCCESS","level":"info","details":{"billId":133},"meta":{}}
{"timestamp":"2025-05-20 13:01:56.686","service":"payment-service","environment":"development","eventType":"INIT_START","level":"info","details":{"amount":"4000.00","currency":"ETB","email":"","first_name":"abe","last_name":" ","phone_number":"0911111111","meta":{"tenantId":"NR-1","hide_receipt":"true"}},"meta":{}}
{"timestamp":"2025-05-20 13:02:01.145","service":"payment-service","environment":"development","eventType":"INIT_SUCCESS","level":"info","details":{"tx_ref":"tx-a353e85ede9b-1747735316967"},"meta":{}}
{"timestamp":"2025-05-20 13:02:24.999","service":"payment-service","environment":"development","eventType":"VERIFY_START","level":"info","details":{"tx_ref":"tx-a353e85ede9b-1747735316967"},"meta":{}}
{"timestamp":"2025-05-20 13:02:27.059","service":"payment-service","environment":"development","eventType":"VERIFY_SUCCESS","level":"info","details":{"billId":2,"amountPaid":"4000.00","penaltyPaid":"0.00"},"meta":{}}
{"timestamp":"2025-05-20 13:07:43.170","service":"payment-service","environment":"development","eventType":"INIT_START","level":"info","details":{"amount":"4000.00","currency":"ETB","email":"","first_name":"abe","last_name":" ","phone_number":"0911111111","meta":{"tenantId":"NR-1","hide_receipt":"true"}},"meta":{}}
{"timestamp":"2025-05-20 13:07:45.108","service":"payment-service","environment":"development","eventType":"INIT_SUCCESS","level":"info","details":{"tx_ref":"tx-fc279fe6f795-1747735663179"},"meta":{}}
{"timestamp":"2025-05-20 13:08:02.435","service":"payment-service","environment":"development","eventType":"VERIFY_START","level":"info","details":{"tx_ref":"tx-fc279fe6f795-1747735663179"},"meta":{}}
{"timestamp":"2025-05-20 13:08:04.334","service":"payment-service","environment":"development","eventType":"VERIFY_SUCCESS","level":"info","details":{"billId":3,"amountPaid":"4000.00","penaltyPaid":"0.00"},"meta":{}}
{"timestamp":"2025-05-20 13:08:16.947","service":"payment-service","environment":"development","eventType":"INIT_START","level":"info","details":{"amount":"4000.00","currency":"ETB","email":"","first_name":"abe","last_name":" ","phone_number":"0911111111","meta":{"tenantId":"NR-1","hide_receipt":"true"}},"meta":{}}
{"timestamp":"2025-05-20 13:08:18.077","service":"payment-service","environment":"development","eventType":"INIT_SUCCESS","level":"info","details":{"tx_ref":"tx-69c97c4122c4-1747735696973"},"meta":{}}
{"timestamp":"2025-05-20 13:08:27.055","service":"payment-service","environment":"development","eventType":"VERIFY_START","level":"info","details":{"tx_ref":"tx-69c97c4122c4-1747735696973"},"meta":{}}
{"timestamp":"2025-05-20 13:08:28.804","service":"payment-service","environment":"development","eventType":"VERIFY_SUCCESS","level":"info","details":{"billId":4,"amountPaid":"4000.00","penaltyPaid":"0.00"},"meta":{}}
