{"timestamp":"2025-04-24 11:11:59.889","service":"payment-service","environment":"development","eventType":"INIT_START","level":"info","details":{"amount":"7000.00","currency":"ETB","email":"","first_name":"abe","last_name":" ","phone_number":"0909090909","meta":{"tenantId":"nsa-122","hide_receipt":"true"}},"meta":{}}
{"timestamp":"2025-04-24 11:12:01.846","service":"payment-service","environment":"development","eventType":"INIT_SUCCESS","level":"info","details":{"tx_ref":"tx-e645401c6c88-1745482319897"},"meta":{}}
{"timestamp":"2025-04-24 11:13:51.763","service":"payment-service","environment":"development","eventType":"VERIFY_START","level":"info","details":{"tx_ref":"tx-e645401c6c88-1745482319897"},"meta":{}}
{"timestamp":"2025-04-24 11:13:54.325","service":"payment-service","environment":"development","eventType":"VERIFY_SUCCESS","level":"info","details":{"billId":66,"amountPaid":"7000.00","penaltyPaid":"0.00"},"meta":{}}
{"timestamp":"2025-04-24 11:24:49.664","service":"payment-service","environment":"development","eventType":"INIT_START","level":"info","details":{"amount":"7000.00","currency":"ETB","email":"","first_name":"abe","last_name":" ","phone_number":"0909090909","meta":{"tenantId":"nsa-122","hide_receipt":"true"}},"meta":{}}
{"timestamp":"2025-04-24 11:24:50.428","service":"payment-service","environment":"development","eventType":"INIT_SUCCESS","level":"info","details":{"tx_ref":"tx-1a953ca45fcf-1745483089668"},"meta":{}}
{"timestamp":"2025-04-24 11:26:20.914","service":"payment-service","environment":"development","eventType":"VERIFY_START","level":"info","details":{"tx_ref":"tx-1a953ca45fcf-1745483089668"},"meta":{}}
{"timestamp":"2025-04-24 11:26:24.261","service":"payment-service","environment":"development","eventType":"VERIFY_SUCCESS","level":"info","details":{"billId":68,"amountPaid":"7000.00","penaltyPaid":"0.00"},"meta":{}}
{"timestamp":"2025-04-24 11:28:47.609","service":"payment-service","environment":"development","eventType":"INIT_START","level":"info","details":{"amount":"7000.00","currency":"ETB","email":"","first_name":"abe","last_name":" ","phone_number":"0909090909","meta":{"tenantId":"nsa-122","hide_receipt":"true"}},"meta":{}}
{"timestamp":"2025-04-24 11:28:48.336","service":"payment-service","environment":"development","eventType":"INIT_SUCCESS","level":"info","details":{"tx_ref":"tx-974c709ee511-1745483327616"},"meta":{}}
{"timestamp":"2025-04-24 11:28:59.018","service":"payment-service","environment":"development","eventType":"VERIFY_START","level":"info","details":{"tx_ref":"tx-974c709ee511-1745483327616"},"meta":{}}
{"timestamp":"2025-04-24 11:29:00.423","service":"payment-service","environment":"development","eventType":"VERIFY_SUCCESS","level":"info","details":{"billId":70,"amountPaid":"7000.00","penaltyPaid":"0.00"},"meta":{}}
{"timestamp":"2025-04-24 11:56:52.376","service":"payment-service","environment":"development","eventType":"INIT_START","level":"info","details":{"amount":"7000.00","currency":"ETB","email":"","first_name":"abe","last_name":" ","phone_number":"0909090909","meta":{"tenantId":"nsa-122","hide_receipt":"true"}},"meta":{}}
{"timestamp":"2025-04-24 11:56:54.703","service":"payment-service","environment":"development","eventType":"INIT_SUCCESS","level":"info","details":{"tx_ref":"tx-1a7c21b6e345-1745485012952"},"meta":{}}
{"timestamp":"2025-04-24 11:57:11.147","service":"payment-service","environment":"development","eventType":"VERIFY_START","level":"info","details":{"tx_ref":"tx-1a7c21b6e345-1745485012952"},"meta":{}}
{"timestamp":"2025-04-24 11:57:12.712","service":"payment-service","environment":"development","eventType":"VERIFY_SUCCESS","level":"info","details":{"billId":71,"amountPaid":"7000.00","penaltyPaid":"0.00"},"meta":{}}
{"timestamp":"2025-04-24 12:00:54.892","service":"payment-service","environment":"development","eventType":"INIT_START","level":"info","details":{"amount":"7000.00","currency":"ETB","email":"","first_name":"abe","last_name":" ","phone_number":"0909090909","meta":{"tenantId":"nsa-122","hide_receipt":"true"}},"meta":{}}
{"timestamp":"2025-04-24 12:00:55.826","service":"payment-service","environment":"development","eventType":"INIT_SUCCESS","level":"info","details":{"tx_ref":"tx-8097a6bca989-1745485254904"},"meta":{}}
{"timestamp":"2025-04-24 12:01:07.335","service":"payment-service","environment":"development","eventType":"VERIFY_START","level":"info","details":{"tx_ref":"tx-8097a6bca989-1745485254904"},"meta":{}}
{"timestamp":"2025-04-24 12:01:08.292","service":"payment-service","environment":"development","eventType":"VERIFY_SUCCESS","level":"info","details":{"billId":72,"amountPaid":"7000.00","penaltyPaid":"0.00"},"meta":{}}
{"timestamp":"2025-04-24 12:05:54.729","service":"payment-service","environment":"development","eventType":"INIT_START","level":"info","details":{"amount":"7000.00","currency":"ETB","email":"","first_name":"abe","last_name":" ","phone_number":"0909090909","meta":{"tenantId":"nsa-122","hide_receipt":"true"}},"meta":{}}
{"timestamp":"2025-04-24 12:05:55.375","service":"payment-service","environment":"development","eventType":"INIT_SUCCESS","level":"info","details":{"tx_ref":"tx-a3186dfb9c6d-1745485554732"},"meta":{}}
{"timestamp":"2025-04-24 12:06:03.798","service":"payment-service","environment":"development","eventType":"VERIFY_START","level":"info","details":{"tx_ref":"tx-a3186dfb9c6d-1745485554732"},"meta":{}}
{"timestamp":"2025-04-24 12:06:04.733","service":"payment-service","environment":"development","eventType":"VERIFY_SUCCESS","level":"info","details":{"billId":73,"amountPaid":"7000.00","penaltyPaid":"0.00"},"meta":{}}
{"timestamp":"2025-04-24 12:09:13.398","service":"payment-service","environment":"development","eventType":"INIT_START","level":"info","details":{"amount":"7000.00","currency":"ETB","email":"","first_name":"abe","last_name":" ","phone_number":"0909090909","meta":{"tenantId":"nsa-122","hide_receipt":"true"}},"meta":{}}
{"timestamp":"2025-04-24 12:09:25.967","service":"payment-service","environment":"development","eventType":"INIT_FAILED","level":"error","details":{"message":"getaddrinfo ENOTFOUND api.chapa.co"},"meta":{}}
{"timestamp":"2025-04-24 12:09:45.274","service":"payment-service","environment":"development","eventType":"INIT_START","level":"info","details":{"amount":"7000.00","currency":"ETB","email":"","first_name":"abe","last_name":" ","phone_number":"0909090909","meta":{"tenantId":"nsa-122","hide_receipt":"true"}},"meta":{}}
{"timestamp":"2025-04-24 12:10:07.364","service":"payment-service","environment":"development","eventType":"INIT_FAILED","level":"error","details":{"message":""},"meta":{}}
{"timestamp":"2025-04-24 12:10:41.716","service":"payment-service","environment":"development","eventType":"INIT_START","level":"info","details":{"amount":"7000.00","currency":"ETB","email":"","first_name":"abe","last_name":" ","phone_number":"0909090909","meta":{"tenantId":"nsa-122","hide_receipt":"true"}},"meta":{}}
{"timestamp":"2025-04-24 12:10:53.968","service":"payment-service","environment":"development","eventType":"INIT_FAILED","level":"error","details":{"message":"getaddrinfo ENOTFOUND api.chapa.co"},"meta":{}}
{"timestamp":"2025-04-24 12:11:04.258","service":"payment-service","environment":"development","eventType":"INIT_START","level":"info","details":{"amount":"7000.00","currency":"ETB","email":"","first_name":"abe","last_name":" ","phone_number":"0909090909","meta":{"tenantId":"nsa-122","hide_receipt":"true"}},"meta":{}}
{"timestamp":"2025-04-24 12:11:22.548","service":"payment-service","environment":"development","eventType":"INIT_SUCCESS","level":"info","details":{"tx_ref":"tx-d932ec8355aa-1745485864265"},"meta":{}}
{"timestamp":"2025-04-24 12:11:46.899","service":"payment-service","environment":"development","eventType":"INIT_START","level":"info","details":{"amount":"7000.00","currency":"ETB","email":"","first_name":"abe","last_name":" ","phone_number":"0909090909","meta":{"tenantId":"nsa-122","hide_receipt":"true"}},"meta":{}}
{"timestamp":"2025-04-24 12:11:51.203","service":"payment-service","environment":"development","eventType":"INIT_SUCCESS","level":"info","details":{"tx_ref":"tx-f18ea2a1564e-1745485906941"},"meta":{}}
{"timestamp":"2025-04-24 12:12:16.194","service":"payment-service","environment":"development","eventType":"VERIFY_START","level":"info","details":{"tx_ref":"tx-f18ea2a1564e-1745485906941"},"meta":{}}
{"timestamp":"2025-04-24 12:13:05.644","service":"payment-service","environment":"development","eventType":"VERIFY_ERROR","level":"error","details":{"message":"socket hang up"},"meta":{}}
{"timestamp":"2025-04-24 12:13:24.791","service":"payment-service","environment":"development","eventType":"INIT_START","level":"info","details":{"amount":"7000.00","currency":"ETB","email":"","first_name":"abe","last_name":" ","phone_number":"0909090909","meta":{"tenantId":"nsa-122","hide_receipt":"true"}},"meta":{}}
{"timestamp":"2025-04-24 12:13:24.881","service":"payment-service","environment":"development","eventType":"INIT_FAILED","level":"error","details":{"message":"getaddrinfo ENOTFOUND api.chapa.co"},"meta":{}}
{"timestamp":"2025-04-24 13:21:11.684","service":"payment-service","environment":"development","eventType":"INIT_START","level":"info","details":{"amount":"7000.00","currency":"ETB","email":"","first_name":"abe","last_name":" ","phone_number":"0909090909","meta":{"tenantId":"nsa-122","hide_receipt":"true"}},"meta":{}}
{"timestamp":"2025-04-24 13:21:11.906","service":"payment-service","environment":"development","eventType":"INIT_FAILED","level":"error","details":{"message":"getaddrinfo ENOTFOUND api.chapa.co"},"meta":{}}
{"timestamp":"2025-04-24 13:21:16.157","service":"payment-service","environment":"development","eventType":"INIT_START","level":"info","details":{"amount":"7000.00","currency":"ETB","email":"","first_name":"abe","last_name":" ","phone_number":"0909090909","meta":{"tenantId":"nsa-122","hide_receipt":"true"}},"meta":{}}
{"timestamp":"2025-04-24 13:21:16.245","service":"payment-service","environment":"development","eventType":"INIT_FAILED","level":"error","details":{"message":"getaddrinfo ENOTFOUND api.chapa.co"},"meta":{}}
{"timestamp":"2025-04-24 13:22:02.116","service":"payment-service","environment":"development","eventType":"INIT_START","level":"info","details":{"amount":"7000.00","currency":"ETB","email":"","first_name":"abe","last_name":" ","phone_number":"0909090909","meta":{"tenantId":"nsa-122","hide_receipt":"true"}},"meta":{}}
{"timestamp":"2025-04-24 13:22:06.535","service":"payment-service","environment":"development","eventType":"INIT_SUCCESS","level":"info","details":{"tx_ref":"tx-137300d6e0b9-1745490122119"},"meta":{}}
{"timestamp":"2025-04-24 13:22:29.795","service":"payment-service","environment":"development","eventType":"VERIFY_START","level":"info","details":{"tx_ref":"tx-137300d6e0b9-1745490122119"},"meta":{}}
{"timestamp":"2025-04-24 13:22:32.587","service":"payment-service","environment":"development","eventType":"VERIFY_SUCCESS","level":"info","details":{"billId":74,"amountPaid":"7000.00","penaltyPaid":"0.00"},"meta":{}}
{"timestamp":"2025-04-24 13:32:34.233","service":"payment-service","environment":"development","eventType":"INIT_START","level":"info","details":{"amount":"7000.00","currency":"ETB","email":"","first_name":"abe","last_name":" ","phone_number":"0909090909","meta":{"tenantId":"nsa-122","hide_receipt":"true"}},"meta":{}}
{"timestamp":"2025-04-24 13:32:36.983","service":"payment-service","environment":"development","eventType":"INIT_SUCCESS","level":"info","details":{"tx_ref":"tx-c16b87a9f23c-1745490754795"},"meta":{}}
{"timestamp":"2025-04-24 13:32:54.724","service":"payment-service","environment":"development","eventType":"VERIFY_START","level":"info","details":{"tx_ref":"tx-c16b87a9f23c-1745490754795"},"meta":{}}
{"timestamp":"2025-04-24 13:32:55.745","service":"payment-service","environment":"development","eventType":"VERIFY_SUCCESS","level":"info","details":{"billId":75,"amountPaid":"7000.00","penaltyPaid":"0.00"},"meta":{}}
{"timestamp":"2025-04-24 15:30:02.493","service":"payment-service","environment":"development","eventType":"INIT_START","level":"info","details":{"amount":"5000.00","currency":"ETB","email":"","first_name":"abe","last_name":" ","phone_number":"0911111111","meta":{"tenantId":"NSA-1","hide_receipt":"true"}},"meta":{}}
{"timestamp":"2025-04-24 15:30:04.911","service":"payment-service","environment":"development","eventType":"INIT_SUCCESS","level":"info","details":{"tx_ref":"tx-3ba9510fa613-1745497802509"},"meta":{}}
{"timestamp":"2025-04-24 15:30:23.460","service":"payment-service","environment":"development","eventType":"VERIFY_START","level":"info","details":{"tx_ref":"tx-3ba9510fa613-1745497802509"},"meta":{}}
{"timestamp":"2025-04-24 15:30:27.101","service":"payment-service","environment":"development","eventType":"VERIFY_SUCCESS","level":"info","details":{"billId":69,"amountPaid":"5000.00","penaltyPaid":"0.00"},"meta":{}}
{"timestamp":"2025-04-24 15:35:32.260","service":"payment-service","environment":"development","eventType":"INIT_START","level":"info","details":{"amount":"5000.00","currency":"ETB","email":"","first_name":"abe","last_name":" ","phone_number":"0911111111","meta":{"tenantId":"NSA-1","hide_receipt":"true"}},"meta":{}}
{"timestamp":"2025-04-24 15:35:32.999","service":"payment-service","environment":"development","eventType":"INIT_SUCCESS","level":"info","details":{"tx_ref":"tx-1c9ae633db0e-1745498132268"},"meta":{}}
{"timestamp":"2025-04-24 15:35:56.358","service":"payment-service","environment":"development","eventType":"VERIFY_START","level":"info","details":{"tx_ref":"tx-1c9ae633db0e-1745498132268"},"meta":{}}
{"timestamp":"2025-04-24 15:35:57.266","service":"payment-service","environment":"development","eventType":"VERIFY_SUCCESS","level":"info","details":{"billId":78,"amountPaid":"5000.00","penaltyPaid":"0.00"},"meta":{}}
{"timestamp":"2025-04-24 15:38:53.962","service":"payment-service","environment":"development","eventType":"INIT_START","level":"info","details":{"amount":"5000.00","currency":"ETB","email":"","first_name":"abe","last_name":" ","phone_number":"0911111111","meta":{"tenantId":"NSA-1","hide_receipt":"true"}},"meta":{}}
{"timestamp":"2025-04-24 15:38:54.836","service":"payment-service","environment":"development","eventType":"INIT_SUCCESS","level":"info","details":{"tx_ref":"tx-17a0fc165a10-1745498333964"},"meta":{}}
{"timestamp":"2025-04-24 15:39:11.779","service":"payment-service","environment":"development","eventType":"VERIFY_START","level":"info","details":{"tx_ref":"tx-17a0fc165a10-1745498333964"},"meta":{}}
{"timestamp":"2025-04-24 15:39:12.801","service":"payment-service","environment":"development","eventType":"VERIFY_SUCCESS","level":"info","details":{"billId":79,"amountPaid":"5000.00","penaltyPaid":"0.00"},"meta":{}}
{"timestamp":"2025-04-24 15:41:49.085","service":"payment-service","environment":"development","eventType":"INIT_START","level":"info","details":{"amount":"5000.00","currency":"ETB","email":"","first_name":"abe","last_name":" ","phone_number":"0911111111","meta":{"tenantId":"NSA-1","hide_receipt":"true"}},"meta":{}}
{"timestamp":"2025-04-24 15:41:49.877","service":"payment-service","environment":"development","eventType":"INIT_SUCCESS","level":"info","details":{"tx_ref":"tx-d919841be3f1-1745498509090"},"meta":{}}
{"timestamp":"2025-04-24 15:42:20.068","service":"payment-service","environment":"development","eventType":"VERIFY_START","level":"info","details":{"tx_ref":"tx-d919841be3f1-1745498509090"},"meta":{}}
{"timestamp":"2025-04-24 15:42:21.670","service":"payment-service","environment":"development","eventType":"VERIFY_SUCCESS","level":"info","details":{"billId":80,"amountPaid":"5000.00","penaltyPaid":"0.00"},"meta":{}}
{"timestamp":"2025-04-24 15:50:18.602","service":"payment-service","environment":"development","eventType":"INIT_START","level":"info","details":{"amount":"5000.00","currency":"ETB","email":"","first_name":"abe","last_name":" ","phone_number":"0911111111","meta":{"tenantId":"NSA-1","hide_receipt":"true"}},"meta":{}}
{"timestamp":"2025-04-24 15:50:21.673","service":"payment-service","environment":"development","eventType":"INIT_SUCCESS","level":"info","details":{"tx_ref":"tx-996c12f42842-1745499018752"},"meta":{}}
{"timestamp":"2025-04-24 15:50:37.954","service":"payment-service","environment":"development","eventType":"VERIFY_START","level":"info","details":{"tx_ref":"tx-996c12f42842-1745499018752"},"meta":{}}
{"timestamp":"2025-04-24 15:50:39.096","service":"payment-service","environment":"development","eventType":"VERIFY_SUCCESS","level":"info","details":{"billId":81,"amountPaid":"5000.00","penaltyPaid":"0.00"},"meta":{}}
