{"timestamp":"2025-04-09 09:51:52.569","service":"payment-service","environment":"development","eventType":"INIT_START","level":"info","details":{"amount":"5000.00","currency":"ETB","email":"","first_name":"seid","last_name":" ","phone_number":"0909090909","meta":{"tenantId":"43","hide_receipt":"true"}},"meta":{}}
{"timestamp":"2025-04-09 09:51:54.819","service":"payment-service","environment":"development","eventType":"INIT_SUCCESS","level":"info","details":{"tx_ref":"tx-4733dc079c4e-1744181512603"},"meta":{}}
{"timestamp":"2025-04-09 09:52:19.347","service":"payment-service","environment":"development","eventType":"VERIFY_START","level":"info","details":{"tx_ref":"tx-4733dc079c4e-1744181512603"},"meta":{}}
{"timestamp":"2025-04-09 09:52:20.518","service":"payment-service","environment":"development","eventType":"CHAPA_VERIFICATION_RESPONSE","level":"info","details":{"message":"Payment details fetched successfully","status":"success","data":{"first_name":"seid","last_name":null,"email":null,"phone_number":"0909090909","currency":"ETB","amount":5000,"charge":125,"mode":"test","method":"test","type":"API","status":"success","reference":"APAhBhPZ401UU","tx_ref":"tx-4733dc079c4e-1744181512603","customization":{"title":"Rent Payment","description":"Rent payment","logo":null},"meta":{"hide_receipt":"true","tenantId":"43","internal_tx_ref":"a64eaf9d2b7aab04"},"created_at":"2025-04-09T06:52:15.000000Z","updated_at":"2025-04-09T06:52:15.000000Z"}},"meta":{}}
{"timestamp":"2025-04-09 09:52:21.799","service":"payment-service","environment":"development","eventType":"VERIFY_SUCCESS","level":"info","details":{"billId":52},"meta":{}}
{"timestamp":"2025-04-09 15:09:11.360","service":"payment-service","environment":"development","eventType":"INIT_START","level":"info","details":{"amount":"5000.00","currency":"ETB","email":"","first_name":"seid","last_name":" ","phone_number":"0909090909","meta":{"tenantId":"66","hide_receipt":"true"}},"meta":{}}
{"timestamp":"2025-04-09 15:09:12.891","service":"payment-service","environment":"development","eventType":"INIT_SUCCESS","level":"info","details":{"tx_ref":"tx-b2e3c04ca6d6-1744200551414"},"meta":{}}
{"timestamp":"2025-04-09 15:09:27.752","service":"payment-service","environment":"development","eventType":"VERIFY_START","level":"info","details":{"tx_ref":"tx-b2e3c04ca6d6-1744200551414"},"meta":{}}
{"timestamp":"2025-04-09 15:09:29.175","service":"payment-service","environment":"development","eventType":"CHAPA_VERIFICATION_RESPONSE","level":"info","details":{"message":"Payment details fetched successfully","status":"success","data":{"first_name":"seid","last_name":null,"email":null,"phone_number":"0909090909","currency":"ETB","amount":5000,"charge":125,"mode":"test","method":"test","type":"API","status":"success","reference":"APOmCe7gC59ul","tx_ref":"tx-b2e3c04ca6d6-1744200551414","customization":{"title":"Rent Payment","description":"Rent payment","logo":null},"meta":{"hide_receipt":"true","tenantId":"66","internal_tx_ref":"b029e3fd103c84ab"},"created_at":"2025-04-09T12:09:24.000000Z","updated_at":"2025-04-09T12:09:24.000000Z"}},"meta":{}}
{"timestamp":"2025-04-09 15:09:29.196","service":"payment-service","environment":"development","eventType":"DB_ERROR","level":"error","details":{"message":"You have an error in your SQL syntax; check the manual that corresponds to your MariaDB server version for the right syntax to use near '/ Clear penalty after payment\n        WHERE id = 64' at line 5"},"meta":{}}
{"timestamp":"2025-04-09 15:09:29.198","service":"payment-service","environment":"development","eventType":"VERIFY_ERROR","level":"error","details":{"message":"Database operation failed"},"meta":{}}
{"timestamp":"2025-04-09 15:11:12.383","service":"payment-service","environment":"development","eventType":"INIT_START","level":"info","details":{"amount":"5000.00","currency":"ETB","email":"","first_name":"seid","last_name":" ","phone_number":"0909090909","meta":{"tenantId":"66","hide_receipt":"true"}},"meta":{}}
{"timestamp":"2025-04-09 15:11:14.050","service":"payment-service","environment":"development","eventType":"INIT_SUCCESS","level":"info","details":{"tx_ref":"tx-b9c2e520a5b5-1744200672387"},"meta":{}}
{"timestamp":"2025-04-09 15:11:25.857","service":"payment-service","environment":"development","eventType":"VERIFY_START","level":"info","details":{"tx_ref":"tx-b9c2e520a5b5-1744200672387"},"meta":{}}
{"timestamp":"2025-04-09 15:11:27.011","service":"payment-service","environment":"development","eventType":"CHAPA_VERIFICATION_RESPONSE","level":"info","details":{"message":"Payment details fetched successfully","status":"success","data":{"first_name":"seid","last_name":null,"email":null,"phone_number":"0909090909","currency":"ETB","amount":5000,"charge":125,"mode":"test","method":"test","type":"API","status":"success","reference":"APbvUPOCvTPFB","tx_ref":"tx-b9c2e520a5b5-1744200672387","customization":{"title":"Rent Payment","description":"Rent payment","logo":null},"meta":{"hide_receipt":"true","tenantId":"66","internal_tx_ref":"5b345664211df140"},"created_at":"2025-04-09T12:11:23.000000Z","updated_at":"2025-04-09T12:11:23.000000Z"}},"meta":{}}
{"timestamp":"2025-04-09 15:11:27.191","service":"payment-service","environment":"development","eventType":"VERIFY_ERROR","level":"error","details":{"message":"moment is not defined"},"meta":{}}
{"timestamp":"2025-04-09 15:14:54.229","service":"payment-service","environment":"development","eventType":"INIT_START","level":"info","details":{"amount":"5000.00","currency":"ETB","email":"","first_name":"seid","last_name":" ","phone_number":"0909090909","meta":{"tenantId":"66","hide_receipt":"true"}},"meta":{}}
{"timestamp":"2025-04-09 15:14:55.745","service":"payment-service","environment":"development","eventType":"INIT_SUCCESS","level":"info","details":{"tx_ref":"tx-f58e8307e7c5-1744200894238"},"meta":{}}
{"timestamp":"2025-04-09 15:15:10.432","service":"payment-service","environment":"development","eventType":"VERIFY_START","level":"info","details":{"tx_ref":"tx-f58e8307e7c5-1744200894238"},"meta":{}}
{"timestamp":"2025-04-09 15:15:12.259","service":"payment-service","environment":"development","eventType":"CHAPA_VERIFICATION_RESPONSE","level":"info","details":{"message":"Payment details fetched successfully","status":"success","data":{"first_name":"seid","last_name":null,"email":null,"phone_number":"0909090909","currency":"ETB","amount":5000,"charge":125,"mode":"test","method":"test","type":"API","status":"success","reference":"APCNoslMzgNka","tx_ref":"tx-f58e8307e7c5-1744200894238","customization":{"title":"Rent Payment","description":"Rent payment","logo":null},"meta":{"hide_receipt":"true","tenantId":"66","internal_tx_ref":"cfa972a4033a9dc3"},"created_at":"2025-04-09T12:15:07.000000Z","updated_at":"2025-04-09T12:15:07.000000Z"}},"meta":{}}
{"timestamp":"2025-04-09 15:15:12.699","service":"payment-service","environment":"development","eventType":"DB_ERROR","level":"error","details":{"message":"Cannot add or update a child row: a foreign key constraint fails (`erp_db`.`monthly_rent_bills`, CONSTRAINT `monthly_rent_bills_ibfk_1` FOREIGN KEY (`building_id`) REFERENCES `buildings` (`id`))"},"meta":{}}
{"timestamp":"2025-04-09 15:15:12.705","service":"payment-service","environment":"development","eventType":"VERIFY_ERROR","level":"error","details":{"message":"Database operation failed"},"meta":{}}
{"timestamp":"2025-04-09 15:19:42.831","service":"payment-service","environment":"development","eventType":"INIT_START","level":"info","details":{"amount":"5000.00","currency":"ETB","email":"","first_name":"seid","last_name":" ","phone_number":"0909090909","meta":{"tenantId":"66","hide_receipt":"true"}},"meta":{}}
{"timestamp":"2025-04-09 15:19:45.267","service":"payment-service","environment":"development","eventType":"INIT_SUCCESS","level":"info","details":{"tx_ref":"tx-1120b6922847-1744201182838"},"meta":{}}
{"timestamp":"2025-04-09 15:20:05.480","service":"payment-service","environment":"development","eventType":"VERIFY_START","level":"info","details":{"tx_ref":"tx-1120b6922847-1744201182838"},"meta":{}}
{"timestamp":"2025-04-09 15:20:05.497","service":"payment-service","environment":"development","eventType":"DB_ERROR","level":"error","details":{"message":"You have an error in your SQL syntax; check the manual that corresponds to your MariaDB server version for the right syntax to use near '// Added building_id\n         mrb.payment_term, \n         mrb.amount, \n      ...' at line 4"},"meta":{}}
{"timestamp":"2025-04-09 15:26:30.217","service":"payment-service","environment":"development","eventType":"INIT_START","level":"info","details":{"amount":"5000.00","currency":"ETB","email":"","first_name":"seid","last_name":" ","phone_number":"0909090909","meta":{"tenantId":"66","hide_receipt":"true"}},"meta":{}}
{"timestamp":"2025-04-09 15:26:31.303","service":"payment-service","environment":"development","eventType":"INIT_SUCCESS","level":"info","details":{"tx_ref":"tx-79afdfa460cd-1744201590226"},"meta":{}}
{"timestamp":"2025-04-09 15:26:39.692","service":"payment-service","environment":"development","eventType":"VERIFY_START","level":"info","details":{"tx_ref":"tx-79afdfa460cd-1744201590226"},"meta":{}}
{"timestamp":"2025-04-09 15:33:39.327","service":"payment-service","environment":"development","eventType":"INIT_START","level":"info","details":{"amount":"5000.00","currency":"ETB","email":"","first_name":"seid","last_name":" ","phone_number":"0909090909","meta":{"tenantId":"66","hide_receipt":"true"}},"meta":{}}
{"timestamp":"2025-04-09 15:33:40.847","service":"payment-service","environment":"development","eventType":"INIT_SUCCESS","level":"info","details":{"tx_ref":"tx-d9831e30bda3-1744202019361"},"meta":{}}
{"timestamp":"2025-04-09 15:33:51.334","service":"payment-service","environment":"development","eventType":"VERIFY_START","level":"info","details":{"tx_ref":"tx-d9831e30bda3-1744202019361"},"meta":{}}
{"timestamp":"2025-04-09 15:33:51.336","service":"payment-service","environment":"development","eventType":"DB_ERROR","level":"error","details":{"message":"You have an error in your SQL syntax; check the manual that corresponds to your MariaDB server version for the right syntax to use near '// Ensure building_id is included\n         mrb.payment_term, \n         mrb.am...' at line 4"},"meta":{}}
{"timestamp":"2025-04-09 15:33:51.338","service":"payment-service","environment":"development","eventType":"VERIFY_ERROR","level":"error","details":{"message":"Database operation failed"},"meta":{}}
{"timestamp":"2025-04-09 15:36:38.581","service":"payment-service","environment":"development","eventType":"INIT_START","level":"info","details":{"amount":"5000.00","currency":"ETB","email":"","first_name":"seid","last_name":" ","phone_number":"0909090909","meta":{"tenantId":"66","hide_receipt":"true"}},"meta":{}}
{"timestamp":"2025-04-09 15:36:40.457","service":"payment-service","environment":"development","eventType":"INIT_SUCCESS","level":"info","details":{"tx_ref":"tx-dd1741ea8bbf-1744202198607"},"meta":{}}
{"timestamp":"2025-04-09 15:36:53.105","service":"payment-service","environment":"development","eventType":"VERIFY_START","level":"info","details":{"tx_ref":"tx-dd1741ea8bbf-1744202198607"},"meta":{}}
{"timestamp":"2025-04-09 15:36:54.156","service":"payment-service","environment":"development","eventType":"DB_ERROR","level":"error","details":{"message":"You have an error in your SQL syntax; check the manual that corresponds to your MariaDB server version for the right syntax to use near '// Reset penalty for future calculations\n        totalDue = amount  // Reset ...' at line 4"},"meta":{}}
{"timestamp":"2025-04-09 15:36:54.157","service":"payment-service","environment":"development","eventType":"VERIFY_ERROR","level":"error","details":{"message":"Database operation failed"},"meta":{}}
{"timestamp":"2025-04-09 15:40:20.433","service":"payment-service","environment":"development","eventType":"INIT_START","level":"info","details":{"amount":"5000.00","currency":"ETB","email":"","first_name":"seid","last_name":" ","phone_number":"0909090909","meta":{"tenantId":"66","hide_receipt":"true"}},"meta":{}}
{"timestamp":"2025-04-09 15:40:21.519","service":"payment-service","environment":"development","eventType":"INIT_SUCCESS","level":"info","details":{"tx_ref":"tx-4c41bd7ec8a6-1744202420438"},"meta":{}}
{"timestamp":"2025-04-09 15:42:25.311","service":"payment-service","environment":"development","eventType":"INIT_START","level":"info","details":{"amount":"5000.00","currency":"ETB","email":"","first_name":"seid","last_name":" ","phone_number":"0909090909","meta":{"tenantId":"66","hide_receipt":"true"}},"meta":{}}
{"timestamp":"2025-04-09 15:42:26.409","service":"payment-service","environment":"development","eventType":"INIT_SUCCESS","level":"info","details":{"tx_ref":"tx-4a610025176d-1744202545314"},"meta":{}}
{"timestamp":"2025-04-09 15:42:33.221","service":"payment-service","environment":"development","eventType":"VERIFY_START","level":"info","details":{"tx_ref":"tx-4a610025176d-1744202545314"},"meta":{}}
{"timestamp":"2025-04-09 15:42:34.557","service":"payment-service","environment":"development","eventType":"DB_ERROR","level":"error","details":{"message":"Cannot add or update a child row: a foreign key constraint fails (`erp_db`.`monthly_rent_bills`, CONSTRAINT `monthly_rent_bills_ibfk_1` FOREIGN KEY (`building_id`) REFERENCES `buildings` (`id`))"},"meta":{}}
{"timestamp":"2025-04-09 15:42:34.560","service":"payment-service","environment":"development","eventType":"VERIFY_ERROR","level":"error","details":{"message":"Database operation failed"},"meta":{}}
{"timestamp":"2025-04-09 17:01:07.605","service":"payment-service","environment":"development","eventType":"INIT_START","level":"info","details":{"amount":"5000.00","currency":"ETB","email":"","first_name":"seid","last_name":" ","phone_number":"0909090909","meta":{"tenantId":"66","hide_receipt":"true"}},"meta":{}}
{"timestamp":"2025-04-09 17:01:10.490","service":"payment-service","environment":"development","eventType":"INIT_SUCCESS","level":"info","details":{"tx_ref":"tx-a10534dc3196-1744207267611"},"meta":{}}
{"timestamp":"2025-04-09 17:01:23.075","service":"payment-service","environment":"development","eventType":"VERIFY_START","level":"info","details":{"tx_ref":"tx-a10534dc3196-1744207267611"},"meta":{}}
{"timestamp":"2025-04-09 17:01:24.400","service":"payment-service","environment":"development","eventType":"VERIFY_SUCCESS","level":"info","details":{"billId":78},"meta":{}}
