{"timestamp":"2025-04-08 12:46:33.891","service":"payment-service","environment":"development","eventType":"INIT_START","level":"info","details":{"amount":"6100.00","currency":"ETB","email":"","first_name":"seid","last_name":" ","phone_number":"0909090909","meta":{"tenantId":"43","hide_receipt":"true"}},"meta":{}}
{"timestamp":"2025-04-08 12:46:35.220","service":"payment-service","environment":"development","eventType":"INIT_SUCCESS","level":"info","details":{"tx_ref":"tx-fab7c6edd841-1744105593913"},"meta":{}}
{"timestamp":"2025-04-08 12:47:02.842","service":"payment-service","environment":"development","eventType":"INIT_START","level":"info","details":{"amount":"5000.00","currency":"ETB","email":"","first_name":"seid","last_name":" ","phone_number":"0909090909","meta":{"tenantId":"43","hide_receipt":"true"}},"meta":{}}
{"timestamp":"2025-04-08 12:47:03.795","service":"payment-service","environment":"development","eventType":"INIT_SUCCESS","level":"info","details":{"tx_ref":"tx-f21d30c2a5ba-1744105622847"},"meta":{}}
{"timestamp":"2025-04-08 12:47:15.509","service":"payment-service","environment":"development","eventType":"VERIFY_START","level":"info","details":{"tx_ref":"tx-f21d30c2a5ba-1744105622847"},"meta":{}}
{"timestamp":"2025-04-08 12:47:15.514","service":"payment-service","environment":"development","eventType":"VERIFY_FAIL","level":"error","details":{"message":"Bill not found"},"meta":{}}
{"timestamp":"2025-04-08 12:48:25.692","service":"payment-service","environment":"development","eventType":"INIT_START","level":"info","details":{"amount":"5000.00","currency":"ETB","email":"","first_name":"seid","last_name":" ","phone_number":"0909090909","meta":{"tenantId":"43","hide_receipt":"true"}},"meta":{}}
{"timestamp":"2025-04-08 12:48:26.649","service":"payment-service","environment":"development","eventType":"INIT_SUCCESS","level":"info","details":{"tx_ref":"tx-a5b9cf1480af-1744105705696"},"meta":{}}
{"timestamp":"2025-04-08 12:48:38.635","service":"payment-service","environment":"development","eventType":"VERIFY_START","level":"info","details":{"tx_ref":"tx-a5b9cf1480af-1744105705696"},"meta":{}}
{"timestamp":"2025-04-08 12:48:38.646","service":"payment-service","environment":"development","eventType":"VERIFY_FAIL","level":"error","details":{"message":"Bill not found"},"meta":{}}
{"timestamp":"2025-04-08 12:49:37.734","service":"payment-service","environment":"development","eventType":"INIT_START","level":"info","details":{"amount":"5000.00","currency":"ETB","email":"","first_name":"seid","last_name":" ","phone_number":"0909090909","meta":{"tenantId":"43","hide_receipt":"true"}},"meta":{}}
{"timestamp":"2025-04-08 12:49:38.893","service":"payment-service","environment":"development","eventType":"INIT_SUCCESS","level":"info","details":{"tx_ref":"tx-94d17d8fb359-1744105777738"},"meta":{}}
{"timestamp":"2025-04-08 12:49:55.949","service":"payment-service","environment":"development","eventType":"VERIFY_START","level":"info","details":{"tx_ref":"tx-94d17d8fb359-1744105777738"},"meta":{}}
{"timestamp":"2025-04-08 12:49:55.951","service":"payment-service","environment":"development","eventType":"VERIFY_FAIL","level":"error","details":{"message":"Bill not found"},"meta":{}}
{"timestamp":"2025-04-08 12:54:08.527","service":"payment-service","environment":"development","eventType":"INIT_START","level":"info","details":{"amount":"5000.00","currency":"ETB","email":"","first_name":"seid","last_name":" ","phone_number":"0909090909","meta":{"tenantId":"43","hide_receipt":"true"}},"meta":{}}
{"timestamp":"2025-04-08 12:54:09.620","service":"payment-service","environment":"development","eventType":"INIT_SUCCESS","level":"info","details":{"tx_ref":"tx-fd824273a2fc-1744106048534"},"meta":{}}
{"timestamp":"2025-04-08 12:58:51.069","service":"payment-service","environment":"development","eventType":"INIT_START","level":"info","details":{"amount":"5000.00","currency":"ETB","email":"","first_name":"seid","last_name":" ","phone_number":"0909090909","meta":{"tenantId":"43","hide_receipt":"true"}},"meta":{}}
{"timestamp":"2025-04-08 12:58:52.176","service":"payment-service","environment":"development","eventType":"INIT_SUCCESS","level":"info","details":{"tx_ref":"tx-31afe345a167-1744106331077"},"meta":{}}
{"timestamp":"2025-04-08 12:59:44.146","service":"payment-service","environment":"development","eventType":"INIT_START","level":"info","details":{"amount":"5000.00","currency":"ETB","email":"","first_name":"seid","last_name":" ","phone_number":"0909090909","meta":{"tenantId":"43","hide_receipt":"true"}},"meta":{}}
{"timestamp":"2025-04-08 12:59:45.315","service":"payment-service","environment":"development","eventType":"INIT_SUCCESS","level":"info","details":{"tx_ref":"tx-14c7341bc2b6-1744106384152"},"meta":{}}
{"timestamp":"2025-04-08 12:59:54.773","service":"payment-service","environment":"development","eventType":"VERIFY_START","level":"info","details":{"tx_ref":"tx-14c7341bc2b6-1744106384152"},"meta":{}}
{"timestamp":"2025-04-08 12:59:54.779","service":"payment-service","environment":"development","eventType":"VERIFY_FAIL","level":"error","details":{"message":"Bill not found"},"meta":{}}
{"timestamp":"2025-04-08 13:01:08.702","service":"payment-service","environment":"development","eventType":"INIT_START","level":"info","details":{"amount":"5000.00","currency":"ETB","email":"","first_name":"seid","last_name":" ","phone_number":"0909090909","meta":{"tenantId":"43","hide_receipt":"true"}},"meta":{}}
{"timestamp":"2025-04-08 13:01:09.681","service":"payment-service","environment":"development","eventType":"INIT_SUCCESS","level":"info","details":{"tx_ref":"tx-97ed3c1d7107-1744106468709"},"meta":{}}
{"timestamp":"2025-04-08 13:02:00.350","service":"payment-service","environment":"development","eventType":"INIT_START","level":"info","details":{"amount":"5000.00","currency":"ETB","email":"","first_name":"seid","last_name":" ","phone_number":"0909090909","meta":{"tenantId":"43","hide_receipt":"true"}},"meta":{}}
{"timestamp":"2025-04-08 13:02:01.264","service":"payment-service","environment":"development","eventType":"INIT_SUCCESS","level":"info","details":{"tx_ref":"tx-58a0ccced9b1-1744106520354"},"meta":{}}
{"timestamp":"2025-04-08 13:02:10.953","service":"payment-service","environment":"development","eventType":"VERIFY_START","level":"info","details":{"tx_ref":"tx-58a0ccced9b1-1744106520354"},"meta":{}}
{"timestamp":"2025-04-08 13:02:10.957","service":"payment-service","environment":"development","eventType":"VERIFY_FAIL","level":"error","details":{"message":"Bill not found"},"meta":{}}
{"timestamp":"2025-04-08 13:03:41.406","service":"payment-service","environment":"development","eventType":"VERIFY_START","level":"info","details":{"tx_ref":"tx-58a0ccced9b1-1744106520354"},"meta":{}}
{"timestamp":"2025-04-08 13:03:41.409","service":"payment-service","environment":"development","eventType":"VERIFY_ERROR","level":"error","details":{"message":"Cannot read properties of undefined (reading 'length')"},"meta":{}}
{"timestamp":"2025-04-08 13:04:19.312","service":"payment-service","environment":"development","eventType":"INIT_START","level":"info","details":{"amount":"5000.00","currency":"ETB","email":"","first_name":"seid","last_name":" ","phone_number":"0909090909","meta":{"tenantId":"43","hide_receipt":"true"}},"meta":{}}
{"timestamp":"2025-04-08 13:04:20.462","service":"payment-service","environment":"development","eventType":"INIT_SUCCESS","level":"info","details":{"tx_ref":"tx-6f59ca87adb2-1744106659318"},"meta":{}}
{"timestamp":"2025-04-08 13:04:31.765","service":"payment-service","environment":"development","eventType":"VERIFY_START","level":"info","details":{"tx_ref":"tx-6f59ca87adb2-1744106659318"},"meta":{}}
{"timestamp":"2025-04-08 13:04:31.768","service":"payment-service","environment":"development","eventType":"VERIFY_FAIL","level":"error","details":{"message":"Bill not found"},"meta":{}}
{"timestamp":"2025-04-08 13:10:27.747","service":"payment-service","environment":"development","eventType":"INIT_START","level":"info","details":{"amount":"5000.00","currency":"ETB","email":"","first_name":"seid","last_name":" ","phone_number":"0909090909","meta":{"tenantId":"43","hide_receipt":"true"}},"meta":{}}
{"timestamp":"2025-04-08 13:10:29.671","service":"payment-service","environment":"development","eventType":"INIT_SUCCESS","level":"info","details":{"tx_ref":"tx-81f684a43add-1744107027762"},"meta":{}}
{"timestamp":"2025-04-08 13:10:41.680","service":"payment-service","environment":"development","eventType":"VERIFY_START","level":"info","details":{"tx_ref":"tx-81f684a43add-1744107027762"},"meta":{}}
{"timestamp":"2025-04-08 13:10:42.815","service":"payment-service","environment":"development","eventType":"VERIFY_SUCCESS","level":"info","details":{"billId":28},"meta":{}}
