{"timestamp":"2025-05-07 21:11:50.449","service":"payment-service","environment":"development","eventType":"INIT_START","level":"info","details":{"amount":"5050.00","currency":"ETB","email":"","first_name":"seid","last_name":" ","phone_number":"0909090909","meta":{"tenantId":"43","hide_receipt":"true"}},"meta":{}}
{"timestamp":"2025-05-07 21:11:51.889","service":"payment-service","environment":"development","eventType":"INIT_SUCCESS","level":"info","details":{"tx_ref":"tx-30ae1e7bd77f-1746641510600"},"meta":{}}
{"timestamp":"2025-05-07 21:14:08.725","service":"payment-service","environment":"development","eventType":"VERIFY_START","level":"info","details":{"tx_ref":"tx-30ae1e7bd77f-1746641510600"},"meta":{}}
{"timestamp":"2025-05-07 21:14:10.274","service":"payment-service","environment":"development","eventType":"VERIFY_SUCCESS","level":"info","details":{"billId":13},"meta":{}}
{"timestamp":"2025-05-07 21:17:07.771","service":"payment-service","environment":"development","eventType":"INIT_START","level":"info","details":{"amount":"5150.00","currency":"ETB","email":"","first_name":"seid","last_name":" ","phone_number":"0909090909","meta":{"tenantId":"43","hide_receipt":"true"}},"meta":{}}
{"timestamp":"2025-05-07 21:17:08.794","service":"payment-service","environment":"development","eventType":"INIT_SUCCESS","level":"info","details":{"tx_ref":"tx-9e3bb095e6ec-1746641827773"},"meta":{}}
{"timestamp":"2025-05-07 21:17:46.413","service":"payment-service","environment":"development","eventType":"VERIFY_START","level":"info","details":{"tx_ref":"tx-9e3bb095e6ec-1746641827773"},"meta":{}}
{"timestamp":"2025-05-07 21:17:47.378","service":"payment-service","environment":"development","eventType":"VERIFY_SUCCESS","level":"info","details":{"billId":14},"meta":{}}
{"timestamp":"2025-05-07 21:26:55.221","service":"payment-service","environment":"development","eventType":"INIT_START","level":"info","details":{"amount":"5000.00","currency":"ETB","email":"","first_name":"seid","last_name":" ","phone_number":"0909090909","meta":{"tenantId":"43","hide_receipt":"true"}},"meta":{}}
{"timestamp":"2025-05-07 21:26:56.391","service":"payment-service","environment":"development","eventType":"INIT_SUCCESS","level":"info","details":{"tx_ref":"tx-4e57ec8fb9d9-1746642415268"},"meta":{}}
{"timestamp":"2025-05-07 21:27:50.286","service":"payment-service","environment":"development","eventType":"VERIFY_START","level":"info","details":{"tx_ref":"tx-4e57ec8fb9d9-1746642415268"},"meta":{}}
{"timestamp":"2025-05-07 21:27:51.213","service":"payment-service","environment":"development","eventType":"DB_ERROR","level":"error","details":{"message":"You have an error in your SQL syntax; check the manual that corresponds to your MariaDB server version for the right syntax to use near 'payment_status = 'paid', \n         WHERE id = 16' at line 3"},"meta":{}}
{"timestamp":"2025-05-07 21:27:51.218","service":"payment-service","environment":"development","eventType":"VERIFY_ERROR","level":"error","details":{"message":"Database operation failed"},"meta":{}}
{"timestamp":"2025-05-07 21:30:21.524","service":"payment-service","environment":"development","eventType":"INIT_START","level":"info","details":{"amount":"5200.00","currency":"ETB","email":"","first_name":"seid","last_name":" ","phone_number":"0909090909","meta":{"tenantId":"43","hide_receipt":"true"}},"meta":{}}
{"timestamp":"2025-05-07 21:30:22.306","service":"payment-service","environment":"development","eventType":"INIT_SUCCESS","level":"info","details":{"tx_ref":"tx-39ef03ace6b2-1746642621531"},"meta":{}}
{"timestamp":"2025-05-07 21:30:51.237","service":"payment-service","environment":"development","eventType":"VERIFY_START","level":"info","details":{"tx_ref":"tx-39ef03ace6b2-1746642621531"},"meta":{}}
{"timestamp":"2025-05-07 21:30:52.119","service":"payment-service","environment":"development","eventType":"DB_ERROR","level":"error","details":{"message":"You have an error in your SQL syntax; check the manual that corresponds to your MariaDB server version for the right syntax to use near 'WHERE id = 16' at line 4"},"meta":{}}
{"timestamp":"2025-05-07 21:30:52.120","service":"payment-service","environment":"development","eventType":"VERIFY_ERROR","level":"error","details":{"message":"Database operation failed"},"meta":{}}
{"timestamp":"2025-05-07 21:39:45.853","service":"payment-service","environment":"development","eventType":"INIT_START","level":"info","details":{"amount":"5200.00","currency":"ETB","email":"","first_name":"seid","last_name":" ","phone_number":"0909090909","meta":{"tenantId":"43","hide_receipt":"true"}},"meta":{}}
{"timestamp":"2025-05-07 21:39:46.728","service":"payment-service","environment":"development","eventType":"INIT_SUCCESS","level":"info","details":{"tx_ref":"tx-631e1d485ad6-1746643185865"},"meta":{}}
{"timestamp":"2025-05-07 21:40:24.761","service":"payment-service","environment":"development","eventType":"VERIFY_START","level":"info","details":{"tx_ref":"tx-631e1d485ad6-1746643185865"},"meta":{}}
{"timestamp":"2025-05-07 21:40:25.659","service":"payment-service","environment":"development","eventType":"VERIFY_SUCCESS","level":"info","details":{"billId":16},"meta":{}}
{"timestamp":"2025-05-07 10:28:20.537","service":"payment-service","environment":"development","eventType":"INIT_START","level":"info","details":{"amount":"5050.00","currency":"ETB","email":"","first_name":"seid","last_name":" ","phone_number":"0909090909","meta":{"tenantId":"43","hide_receipt":"true"}},"meta":{}}
{"timestamp":"2025-05-07 10:28:22.037","service":"payment-service","environment":"development","eventType":"INIT_SUCCESS","level":"info","details":{"tx_ref":"tx-f319ce6ec4ce-1746602900652"},"meta":{}}
{"timestamp":"2025-05-07 10:30:46.113","service":"payment-service","environment":"development","eventType":"INIT_START","level":"info","details":{"amount":"5050.00","currency":"ETB","email":"","first_name":"seid","last_name":" ","phone_number":"0909090909","meta":{"tenantId":"43","hide_receipt":"true"}},"meta":{}}
{"timestamp":"2025-05-07 10:30:47.148","service":"payment-service","environment":"development","eventType":"INIT_SUCCESS","level":"info","details":{"tx_ref":"tx-a34f0fc7c6e2-1746603046117"},"meta":{}}
{"timestamp":"2025-05-07 10:32:47.462","service":"payment-service","environment":"development","eventType":"INIT_START","level":"info","details":{"amount":"5050.00","currency":"ETB","email":"","first_name":"seid","last_name":" ","phone_number":"0909090909","meta":{"tenantId":"43","hide_receipt":"true"}},"meta":{}}
{"timestamp":"2025-05-07 10:32:48.509","service":"payment-service","environment":"development","eventType":"INIT_SUCCESS","level":"info","details":{"tx_ref":"tx-7e40064695c2-1746603167465"},"meta":{}}
{"timestamp":"2025-05-07 10:36:24.044","service":"payment-service","environment":"development","eventType":"INIT_START","level":"info","details":{"amount":"5050.00","currency":"ETB","email":"","first_name":"seid","last_name":" ","phone_number":"0909090909","meta":{"tenantId":"43","hide_receipt":"true"}},"meta":{}}
{"timestamp":"2025-05-07 10:36:25.137","service":"payment-service","environment":"development","eventType":"INIT_SUCCESS","level":"info","details":{"tx_ref":"tx-83cf9de81c32-1746603384049"},"meta":{}}
{"timestamp":"2025-05-07 10:37:43.337","service":"payment-service","environment":"development","eventType":"INIT_START","level":"info","details":{"amount":"5000.00","currency":"ETB","email":"","first_name":"seid","last_name":" ","phone_number":"0909090909","meta":{"tenantId":"43","hide_receipt":"true"}},"meta":{}}
{"timestamp":"2025-05-07 10:37:44.429","service":"payment-service","environment":"development","eventType":"INIT_SUCCESS","level":"info","details":{"tx_ref":"tx-ccc18248a5e7-1746603463342"},"meta":{}}
{"timestamp":"2025-05-07 10:40:48.990","service":"payment-service","environment":"development","eventType":"INIT_START","level":"info","details":{"amount":"5000.00","currency":"ETB","email":"","first_name":"seid","last_name":" ","phone_number":"0909090909","meta":{"tenantId":"43","hide_receipt":"true"}},"meta":{}}
{"timestamp":"2025-05-07 10:40:50.081","service":"payment-service","environment":"development","eventType":"INIT_SUCCESS","level":"info","details":{"tx_ref":"tx-f0f8ee50e23b-1746603648998"},"meta":{}}
{"timestamp":"2025-05-07 10:45:10.568","service":"payment-service","environment":"development","eventType":"INIT_START","level":"info","details":{"amount":"5000.00","currency":"ETB","email":"","first_name":"seid","last_name":" ","phone_number":"0909090909","meta":{"tenantId":"43","hide_receipt":"true"}},"meta":{}}
{"timestamp":"2025-05-07 10:45:11.969","service":"payment-service","environment":"development","eventType":"INIT_SUCCESS","level":"info","details":{"tx_ref":"tx-c408c8479b07-1746603910619"},"meta":{}}
{"timestamp":"2025-05-07 10:53:04.225","service":"payment-service","environment":"development","eventType":"INIT_START","level":"info","details":{"amount":"5000.00","currency":"ETB","email":"","first_name":"seid","last_name":" ","phone_number":"0909090909","meta":{"tenantId":"43","hide_receipt":"true"}},"meta":{}}
{"timestamp":"2025-05-07 10:53:05.291","service":"payment-service","environment":"development","eventType":"INIT_SUCCESS","level":"info","details":{"tx_ref":"tx-f71b8e830f12-1746604384231"},"meta":{}}
{"timestamp":"2025-05-07 10:59:09.025","service":"payment-service","environment":"development","eventType":"INIT_START","level":"info","details":{"amount":"5000.00","currency":"ETB","email":"","first_name":"seid","last_name":" ","phone_number":"0909090909","meta":{"tenantId":"43","hide_receipt":"true"}},"meta":{}}
{"timestamp":"2025-05-07 10:59:10.365","service":"payment-service","environment":"development","eventType":"INIT_SUCCESS","level":"info","details":{"tx_ref":"tx-a50d624ddc06-1746604749029"},"meta":{}}
{"timestamp":"2025-05-07 11:01:04.693","service":"payment-service","environment":"development","eventType":"INIT_START","level":"info","details":{"amount":"5000.00","currency":"ETB","email":"","first_name":"seid","last_name":" ","phone_number":"0909090909","meta":{"tenantId":"43","hide_receipt":"true"}},"meta":{}}
{"timestamp":"2025-05-07 11:01:05.697","service":"payment-service","environment":"development","eventType":"INIT_SUCCESS","level":"info","details":{"tx_ref":"tx-b19489157e1d-1746604864696"},"meta":{}}
{"timestamp":"2025-05-07 11:12:22.996","service":"payment-service","environment":"development","eventType":"VERIFY_START","level":"info","details":{"tx_ref":"tx-b19489157e1d-1746604864696"},"meta":{}}
{"timestamp":"2025-05-07 11:12:26.612","service":"payment-service","environment":"development","eventType":"VERIFY_SUCCESS","level":"info","details":{"billId":21},"meta":{}}
{"timestamp":"2025-05-07 11:14:37.472","service":"payment-service","environment":"development","eventType":"INIT_START","level":"info","details":{"amount":"5000.00","currency":"ETB","email":"","first_name":"seid","last_name":" ","phone_number":"0909090909","meta":{"tenantId":"43","hide_receipt":"true"}},"meta":{}}
{"timestamp":"2025-05-07 11:14:38.819","service":"payment-service","environment":"development","eventType":"INIT_SUCCESS","level":"info","details":{"tx_ref":"tx-e76855b8aec0-1746605677489"},"meta":{}}
{"timestamp":"2025-05-07 11:16:52.315","service":"payment-service","environment":"development","eventType":"INIT_START","level":"info","details":{"amount":"5000.00","currency":"ETB","email":"","first_name":"seid","last_name":" ","phone_number":"0909090909","meta":{"tenantId":"43","hide_receipt":"true"}},"meta":{}}
{"timestamp":"2025-05-07 11:16:54.855","service":"payment-service","environment":"development","eventType":"INIT_SUCCESS","level":"info","details":{"tx_ref":"tx-7fb431074b40-1746605812325"},"meta":{}}
{"timestamp":"2025-05-07 11:17:06.907","service":"payment-service","environment":"development","eventType":"VERIFY_START","level":"info","details":{"tx_ref":"tx-7fb431074b40-1746605812325"},"meta":{}}
{"timestamp":"2025-05-07 11:17:09.568","service":"payment-service","environment":"development","eventType":"VERIFY_SUCCESS","level":"info","details":{"billId":21},"meta":{}}
{"timestamp":"2025-05-07 14:45:52.508","service":"payment-service","environment":"development","eventType":"INIT_START","level":"info","details":{"amount":"5100.00","currency":"ETB","email":"","first_name":"seid","last_name":" ","phone_number":"0909090909","meta":{"tenantId":"43","hide_receipt":"true"}},"meta":{}}
{"timestamp":"2025-05-07 14:45:54.414","service":"payment-service","environment":"development","eventType":"INIT_SUCCESS","level":"info","details":{"tx_ref":"tx-6c541c4a91ce-1746618352560"},"meta":{}}
{"timestamp":"2025-05-07 14:50:13.479","service":"payment-service","environment":"development","eventType":"INIT_START","level":"info","details":{"amount":"5100.00","currency":"ETB","email":"","first_name":"seid","last_name":" ","phone_number":"0909090909","meta":{"tenantId":"43","hide_receipt":"true"}},"meta":{}}
{"timestamp":"2025-05-07 14:50:15.409","service":"payment-service","environment":"development","eventType":"INIT_SUCCESS","level":"info","details":{"tx_ref":"tx-6a922ecb872b-1746618613526"},"meta":{}}
{"timestamp":"2025-05-07 14:50:25.014","service":"payment-service","environment":"development","eventType":"VERIFY_START","level":"info","details":{"tx_ref":"tx-6a922ecb872b-1746618613526"},"meta":{}}
{"timestamp":"2025-05-07 14:50:26.327","service":"payment-service","environment":"development","eventType":"VERIFY_SUCCESS","level":"info","details":{"billId":30},"meta":{}}
{"timestamp":"2025-05-07 15:00:31.048","service":"payment-service","environment":"development","eventType":"INIT_START","level":"info","details":{"amount":"5150.00","currency":"ETB","email":"","first_name":"seid","last_name":" ","phone_number":"0909090909","meta":{"tenantId":"43","hide_receipt":"true"}},"meta":{}}
{"timestamp":"2025-05-07 15:00:32.053","service":"payment-service","environment":"development","eventType":"INIT_SUCCESS","level":"info","details":{"tx_ref":"tx-7ee85a9b1278-1746619231050"},"meta":{}}
{"timestamp":"2025-05-07 15:00:51.086","service":"payment-service","environment":"development","eventType":"VERIFY_START","level":"info","details":{"tx_ref":"tx-7ee85a9b1278-1746619231050"},"meta":{}}
{"timestamp":"2025-05-07 15:00:52.730","service":"payment-service","environment":"development","eventType":"VERIFY_SUCCESS","level":"info","details":{"billId":31},"meta":{}}
{"timestamp":"2025-05-07 15:04:46.749","service":"payment-service","environment":"development","eventType":"INIT_START","level":"info","details":{"amount":"5200.00","currency":"ETB","email":"","first_name":"seid","last_name":" ","phone_number":"0909090909","meta":{"tenantId":"43","hide_receipt":"true"}},"meta":{}}
{"timestamp":"2025-05-07 15:04:47.756","service":"payment-service","environment":"development","eventType":"INIT_SUCCESS","level":"info","details":{"tx_ref":"tx-a9f5de506f81-1746619486751"},"meta":{}}
{"timestamp":"2025-05-07 15:05:09.787","service":"payment-service","environment":"development","eventType":"VERIFY_START","level":"info","details":{"tx_ref":"tx-a9f5de506f81-1746619486751"},"meta":{}}
{"timestamp":"2025-05-07 15:05:11.167","service":"payment-service","environment":"development","eventType":"VERIFY_SUCCESS","level":"info","details":{"billId":32},"meta":{}}
{"timestamp":"2025-05-07 15:07:33.049","service":"payment-service","environment":"development","eventType":"INIT_START","level":"info","details":{"amount":"5250.00","currency":"ETB","email":"","first_name":"seid","last_name":" ","phone_number":"0909090909","meta":{"tenantId":"43","hide_receipt":"true"}},"meta":{}}
{"timestamp":"2025-05-07 15:07:34.042","service":"payment-service","environment":"development","eventType":"INIT_SUCCESS","level":"info","details":{"tx_ref":"tx-36561a618fbb-1746619653052"},"meta":{}}
{"timestamp":"2025-05-07 15:07:42.972","service":"payment-service","environment":"development","eventType":"VERIFY_START","level":"info","details":{"tx_ref":"tx-36561a618fbb-1746619653052"},"meta":{}}
{"timestamp":"2025-05-07 15:07:44.158","service":"payment-service","environment":"development","eventType":"VERIFY_SUCCESS","level":"info","details":{"billId":33},"meta":{}}
{"timestamp":"2025-05-07 15:10:13.108","service":"payment-service","environment":"development","eventType":"INIT_START","level":"info","details":{"amount":"5300.00","currency":"ETB","email":"","first_name":"seid","last_name":" ","phone_number":"0909090909","meta":{"tenantId":"43","hide_receipt":"true"}},"meta":{}}
{"timestamp":"2025-05-07 15:10:14.034","service":"payment-service","environment":"development","eventType":"INIT_SUCCESS","level":"info","details":{"tx_ref":"tx-b6cac7c5c51d-1746619813110"},"meta":{}}
{"timestamp":"2025-05-07 15:10:26.167","service":"payment-service","environment":"development","eventType":"VERIFY_START","level":"info","details":{"tx_ref":"tx-b6cac7c5c51d-1746619813110"},"meta":{}}
{"timestamp":"2025-05-07 15:10:29.612","service":"payment-service","environment":"development","eventType":"VERIFY_SUCCESS","level":"info","details":{"billId":34},"meta":{}}
