{"timestamp":"2025-06-28 20:50:31.276","service":"payment-service","environment":"development","eventType":"INIT_START","level":"info","details":{"amount":"5100.00","currency":"ETB","email":"","first_name":"gvj","last_name":" ","phone_number":"0999999999","meta":{"tenantId":"789","hide_receipt":"true"}},"meta":{}}
{"timestamp":"2025-06-28 20:50:34.080","service":"payment-service","environment":"development","eventType":"INIT_SUCCESS","level":"info","details":{"tx_ref":"tx-927c0335b4c7-1751133031324"},"meta":{}}
{"timestamp":"2025-06-28 20:51:33.007","service":"payment-service","environment":"development","eventType":"VERIFY_START","level":"info","details":{"tx_ref":"tx-927c0335b4c7-1751133031324"},"meta":{}}
{"timestamp":"2025-06-28 20:51:34.281","service":"payment-service","environment":"development","eventType":"VERIFY_ERROR","level":"error","details":{"message":"calculatePenalty is not defined"},"meta":{}}
{"timestamp":"2025-06-28 20:54:45.483","service":"payment-service","environment":"development","eventType":"INIT_START","level":"info","details":{"amount":"5100.00","currency":"ETB","email":"","first_name":"gvj","last_name":" ","phone_number":"0999999999","meta":{"tenantId":"789","hide_receipt":"true"}},"meta":{}}
{"timestamp":"2025-06-28 20:54:46.725","service":"payment-service","environment":"development","eventType":"INIT_SUCCESS","level":"info","details":{"tx_ref":"tx-7c4d19409060-1751133285498"},"meta":{}}
{"timestamp":"2025-06-28 20:54:54.134","service":"payment-service","environment":"development","eventType":"VERIFY_START","level":"info","details":{"tx_ref":"tx-7c4d19409060-1751133285498"},"meta":{}}
{"timestamp":"2025-06-28 20:54:54.934","service":"payment-service","environment":"development","eventType":"VERIFY_ERROR","level":"error","details":{"message":"penaltyAmount is not defined"},"meta":{}}
{"timestamp":"2025-06-28 20:58:03.419","service":"payment-service","environment":"development","eventType":"INIT_START","level":"info","details":{"amount":"5100.00","currency":"ETB","email":"","first_name":"gvj","last_name":" ","phone_number":"0999999999","meta":{"tenantId":"789","hide_receipt":"true"}},"meta":{}}
{"timestamp":"2025-06-28 20:58:07.860","service":"payment-service","environment":"development","eventType":"INIT_SUCCESS","level":"info","details":{"tx_ref":"tx-af9fd57011e7-1751133483447"},"meta":{}}
{"timestamp":"2025-06-28 20:58:53.480","service":"payment-service","environment":"development","eventType":"VERIFY_START","level":"info","details":{"tx_ref":"tx-af9fd57011e7-1751133483447"},"meta":{}}
{"timestamp":"2025-06-28 20:58:54.620","service":"payment-service","environment":"development","eventType":"VERIFY_ERROR","level":"error","details":{"message":"calculatePenalty is not defined"},"meta":{}}
{"timestamp":"2025-06-28 21:10:22.224","service":"payment-service","environment":"development","eventType":"INIT_START","level":"info","details":{"amount":"5100.00","currency":"ETB","email":"","first_name":"gvj","last_name":" ","phone_number":"0999999999","meta":{"tenantId":"789","hide_receipt":"true"}},"meta":{}}
{"timestamp":"2025-06-28 21:10:29.670","service":"payment-service","environment":"development","eventType":"INIT_SUCCESS","level":"info","details":{"tx_ref":"tx-a59303724fcf-1751134222243"},"meta":{}}
{"timestamp":"2025-06-28 21:11:36.605","service":"payment-service","environment":"development","eventType":"VERIFY_START","level":"info","details":{"tx_ref":"tx-a59303724fcf-1751134222243"},"meta":{}}
{"timestamp":"2025-06-28 21:11:38.078","service":"payment-service","environment":"development","eventType":"DB_ERROR","level":"error","details":{"message":"Unknown column 'NaN' in 'field list'"},"meta":{}}
{"timestamp":"2025-06-28 21:11:38.079","service":"payment-service","environment":"development","eventType":"VERIFY_ERROR","level":"error","details":{"message":"Database operation failed"},"meta":{}}
{"timestamp":"2025-06-28 21:12:48.898","service":"payment-service","environment":"development","eventType":"INIT_START","level":"info","details":{"amount":"5100.00","currency":"ETB","email":"","first_name":"gvj","last_name":" ","phone_number":"0999999999","meta":{"tenantId":"789","hide_receipt":"true"}},"meta":{}}
{"timestamp":"2025-06-28 21:12:50.996","service":"payment-service","environment":"development","eventType":"INIT_SUCCESS","level":"info","details":{"tx_ref":"tx-3ad130462a42-1751134368900"},"meta":{}}
{"timestamp":"2025-06-28 21:12:58.828","service":"payment-service","environment":"development","eventType":"VERIFY_START","level":"info","details":{"tx_ref":"tx-3ad130462a42-1751134368900"},"meta":{}}
{"timestamp":"2025-06-28 21:13:00.123","service":"payment-service","environment":"development","eventType":"DB_ERROR","level":"error","details":{"message":"Unknown column 'NaN' in 'field list'"},"meta":{}}
{"timestamp":"2025-06-28 21:13:00.124","service":"payment-service","environment":"development","eventType":"VERIFY_ERROR","level":"error","details":{"message":"Database operation failed"},"meta":{}}
{"timestamp":"2025-06-28 21:16:47.054","service":"payment-service","environment":"development","eventType":"INIT_START","level":"info","details":{"amount":"5100.00","currency":"ETB","email":"","first_name":"gvj","last_name":" ","phone_number":"0999999999","meta":{"tenantId":"789","hide_receipt":"true"}},"meta":{}}
{"timestamp":"2025-06-28 21:16:47.781","service":"payment-service","environment":"development","eventType":"INIT_SUCCESS","level":"info","details":{"tx_ref":"tx-7b82e0ec2448-1751134607062"},"meta":{}}
{"timestamp":"2025-06-28 21:16:56.144","service":"payment-service","environment":"development","eventType":"VERIFY_START","level":"info","details":{"tx_ref":"tx-7b82e0ec2448-1751134607062"},"meta":{}}
{"timestamp":"2025-06-28 21:16:57.583","service":"payment-service","environment":"development","eventType":"VERIFY_SUCCESS","level":"info","details":{"billId":171,"remainingDays":29},"meta":{}}
