{"timestamp":"2025-04-07 10:03:18.718","service":"payment-service","environment":"development","eventType":"INIT_START","level":"info","details":{"amount":"5000.00","currency":"ETB","email":"","first_name":"seid","last_name":" ","phone_number":"0909090909","meta":{"hide_receipt":"true"}},"meta":{}}
{"timestamp":"2025-04-07 10:03:18.721","service":"payment-service","environment":"development","eventType":"INIT_FAILED","level":"error","details":{"message":"Missing required fields"},"meta":{}}
{"timestamp":"2025-04-07 10:19:37.530","service":"payment-service","environment":"development","eventType":"INIT_START","level":"info","details":{"amount":"5000.00","currency":"ETB","email":"","first_name":"seid","last_name":" ","phone_number":"0909090909","meta":{"hide_receipt":"true"}},"meta":{}}
{"timestamp":"2025-04-07 10:19:37.696","service":"payment-service","environment":"development","eventType":"INIT_FAILED","level":"error","details":{"message":"Missing required fields"},"meta":{}}
{"timestamp":"2025-04-07 10:21:33.092","service":"payment-service","environment":"development","eventType":"INIT_START","level":"info","details":{"amount":"5000.00","currency":"ETB","email":"","first_name":"seid","last_name":" ","phone_number":"0909090909","meta":{"hide_receipt":"true"}},"meta":{}}
{"timestamp":"2025-04-07 10:21:33.094","service":"payment-service","environment":"development","eventType":"INIT_FAILED","level":"error","details":{"message":"Missing required fields"},"meta":{}}
{"timestamp":"2025-04-07 10:30:51.568","service":"payment-service","environment":"development","eventType":"INIT_FAILED","level":"error","details":{"message":"Missing required fields"},"meta":{}}
{"timestamp":"2025-04-07 10:30:51.522","service":"payment-service","environment":"development","eventType":"INIT_START","level":"info","details":{"amount":"5000.00","currency":"ETB","email":"","first_name":"seid","last_name":" ","phone_number":"0909090909","meta":{"hide_receipt":"true"}},"meta":{}}
{"timestamp":"2025-04-07 10:42:09.679","service":"payment-service","environment":"development","eventType":"INIT_START","level":"info","details":{"amount":"5000.00","currency":"ETB","email":"","first_name":"seid","last_name":" ","phone_number":"0909090909","meta":{"hide_receipt":"true"}},"meta":{}}
{"timestamp":"2025-04-07 10:42:10.034","service":"payment-service","environment":"development","eventType":"INIT_FAILED","level":"error","details":{"message":"Missing required fields"},"meta":{}}
{"timestamp":"2025-04-07 10:44:31.750","service":"payment-service","environment":"development","eventType":"INIT_FAILED","level":"error","details":{"message":"Missing required fields"},"meta":{}}
{"timestamp":"2025-04-07 10:44:31.727","service":"payment-service","environment":"development","eventType":"INIT_START","level":"info","details":{"amount":"5000.00","currency":"ETB","email":"","first_name":"seid","last_name":" ","phone_number":"0909090909","meta":{"hide_receipt":"true"}},"meta":{}}
{"timestamp":"2025-04-07 10:44:43.476","service":"payment-service","environment":"development","eventType":"INIT_START","level":"info","details":{"amount":"5000.00","currency":"ETB","email":"","first_name":"seid","last_name":" ","phone_number":"0909090909","meta":{"hide_receipt":"true"}},"meta":{}}
{"timestamp":"2025-04-07 10:44:43.478","service":"payment-service","environment":"development","eventType":"INIT_FAILED","level":"error","details":{"message":"Missing required fields"},"meta":{}}
{"timestamp":"2025-04-07 10:50:57.587","service":"payment-service","environment":"development","eventType":"INIT_START","level":"info","details":{"amount":"5000.00","currency":"ETB","email":"","first_name":"seid","last_name":" ","phone_number":"0909090909","meta":{"tenantId":"1","hide_receipt":"true"}},"meta":{}}
{"timestamp":"2025-04-07 10:50:57.624","service":"payment-service","environment":"development","eventType":"INIT_FAILED","level":"error","details":{"message":"Missing required fields"},"meta":{}}
{"timestamp":"2025-04-07 10:58:59.284","service":"payment-service","environment":"development","eventType":"INIT_FAILED","level":"error","details":{"message":"Missing required fields"},"meta":{}}
{"timestamp":"2025-04-07 10:58:59.271","service":"payment-service","environment":"development","eventType":"INIT_START","level":"info","details":{"amount":"5000.00","currency":"ETB","email":"","first_name":"seid","last_name":" ","phone_number":"0909090909","meta":{"tenantId":"43","hide_receipt":"true"}},"meta":{}}
{"timestamp":"2025-04-07 11:04:02.382","service":"payment-service","environment":"development","eventType":"INIT_START","level":"info","details":{"amount":"5000.00","currency":"ETB","email":"","first_name":"seid","last_name":" ","phone_number":"0909090909","meta":{"tenantId":"43","hide_receipt":"true"}},"meta":{}}
{"timestamp":"2025-04-07 11:04:03.089","service":"payment-service","environment":"development","eventType":"INIT_FAILED","level":"error","details":{"message":"No pending bill found"},"meta":{}}
{"timestamp":"2025-04-07 11:05:35.730","service":"payment-service","environment":"development","eventType":"INIT_START","level":"info","details":{"amount":"5000.00","currency":"ETB","email":"","first_name":"seid","last_name":" ","phone_number":"0909090909","meta":{"tenantId":"43","hide_receipt":"true"}},"meta":{}}
{"timestamp":"2025-04-07 11:05:37.216","service":"payment-service","environment":"development","eventType":"INIT_SUCCESS","level":"info","details":{"tx_ref":"tx-3d083fa32907-1744013135732"},"meta":{}}
{"timestamp":"2025-04-07 11:19:07.231","service":"payment-service","environment":"development","eventType":"INIT_START","level":"info","details":{"amount":"5000.00","currency":"ETB","email":"","first_name":"seid","last_name":" ","phone_number":"0909090909","meta":{"tenantId":"43","hide_receipt":"true"}},"meta":{}}
{"timestamp":"2025-04-07 11:19:09.036","service":"payment-service","environment":"development","eventType":"INIT_SUCCESS","level":"info","details":{"tx_ref":"tx-7ceb6397e61e-1744013947415"},"meta":{}}
{"timestamp":"2025-04-07 11:56:20.722","service":"payment-service","environment":"development","eventType":"INIT_START","level":"info","details":{"amount":"5000.00","currency":"ETB","email":"","first_name":"seid","last_name":" ","phone_number":"0909090909","meta":{"tenantId":"43","hide_receipt":"true"}},"meta":{}}
{"timestamp":"2025-04-07 11:56:22.151","service":"payment-service","environment":"development","eventType":"INIT_SUCCESS","level":"info","details":{"tx_ref":"tx-2d65456d640f-1744016180752"},"meta":{}}
{"timestamp":"2025-04-07 11:58:18.980","service":"payment-service","environment":"development","eventType":"INIT_START","level":"info","details":{"amount":"5000.00","currency":"ETB","email":"","first_name":"seid","last_name":" ","phone_number":"0909090909","meta":{"tenantId":"43","hide_receipt":"true"}},"meta":{}}
{"timestamp":"2025-04-07 11:58:20.082","service":"payment-service","environment":"development","eventType":"INIT_SUCCESS","level":"info","details":{"tx_ref":"tx-10efbd4c8a1d-1744016298989"},"meta":{}}
{"timestamp":"2025-04-07 11:58:58.757","service":"payment-service","environment":"development","eventType":"INIT_START","level":"info","details":{"amount":"5000.00","currency":"ETB","email":"","first_name":"seid","last_name":" ","phone_number":"0909090909","meta":{"tenantId":"43","hide_receipt":"true"}},"meta":{}}
{"timestamp":"2025-04-07 11:58:59.393","service":"payment-service","environment":"development","eventType":"INIT_SUCCESS","level":"info","details":{"tx_ref":"tx-188821ecbfcd-1744016338759"},"meta":{}}
{"timestamp":"2025-04-07 12:00:00.904","service":"payment-service","environment":"development","eventType":"BULK_VERIFY_ERROR","level":"error","details":{"message":"bills.map is not a function"},"meta":{}}
{"timestamp":"2025-04-07 12:17:07.950","service":"payment-service","environment":"development","eventType":"INIT_START","level":"info","details":{"amount":"5000.00","currency":"ETB","email":"","first_name":"seid","last_name":" ","phone_number":"0909090909","meta":{"tenantId":"43","hide_receipt":"true"}},"meta":{}}
{"timestamp":"2025-04-07 12:17:10.126","service":"payment-service","environment":"development","eventType":"INIT_SUCCESS","level":"info","details":{"tx_ref":"tx-aca23e819be5-1744017427992"},"meta":{}}
{"timestamp":"2025-04-07 12:31:01.621","service":"payment-service","environment":"development","eventType":"INIT_START","level":"info","details":{"amount":"5000.00","currency":"ETB","email":"","first_name":"seid","last_name":" ","phone_number":"0909090909","meta":{"tenantId":"43","hide_receipt":"true"}},"meta":{}}
{"timestamp":"2025-04-07 12:31:04.303","service":"payment-service","environment":"development","eventType":"INIT_SUCCESS","level":"info","details":{"tx_ref":"tx-bfcd64b4a8bb-1744018261919"},"meta":{}}
{"timestamp":"2025-04-07 12:55:12.152","service":"payment-service","environment":"development","eventType":"INIT_START","level":"info","details":{"amount":"5000.00","currency":"ETB","email":"","first_name":"seid","last_name":" ","phone_number":"0909090909","meta":{"tenantId":"43","hide_receipt":"true"}},"meta":{}}
{"timestamp":"2025-04-07 12:55:14.069","service":"payment-service","environment":"development","eventType":"INIT_SUCCESS","level":"info","details":{"tx_ref":"tx-4725d47ae471-1744019712184"},"meta":{}}
{"timestamp":"2025-04-07 13:03:32.933","service":"payment-service","environment":"development","eventType":"INIT_START","level":"info","details":{"amount":"5000.00","currency":"ETB","email":"","first_name":"seid","last_name":" ","phone_number":"0909090909","meta":{"tenantId":"43","hide_receipt":"true"}},"meta":{}}
{"timestamp":"2025-04-07 13:03:34.086","service":"payment-service","environment":"development","eventType":"INIT_SUCCESS","level":"info","details":{"tx_ref":"tx-0b0ec8890896-1744020212946"},"meta":{}}
{"timestamp":"2025-04-07 13:12:10.549","service":"payment-service","environment":"development","eventType":"INIT_START","level":"info","details":{"amount":"5000.00","currency":"ETB","email":"","first_name":"seid","last_name":" ","phone_number":"0909090909","meta":{"tenantId":"43","hide_receipt":"true"}},"meta":{}}
{"timestamp":"2025-04-07 13:12:13.031","service":"payment-service","environment":"development","eventType":"INIT_SUCCESS","level":"info","details":{"tx_ref":"tx-022bcaae6f7f-1744020730565"},"meta":{}}
{"timestamp":"2025-04-07 13:16:40.042","service":"payment-service","environment":"development","eventType":"VERIFY_START","level":"info","details":{"tx_ref":"tx-022bcaae6f7f-1744020730565"},"meta":{}}
{"timestamp":"2025-04-07 13:16:41.121","service":"payment-service","environment":"development","eventType":"DB_ERROR","level":"error","details":{"message":"Unknown column 'payment_date' in 'field list'"},"meta":{}}
{"timestamp":"2025-04-07 13:16:41.128","service":"payment-service","environment":"development","eventType":"VERIFY_ERROR","level":"error","details":{"message":"Database operation failed"},"meta":{}}
{"timestamp":"2025-04-07 13:19:28.768","service":"payment-service","environment":"development","eventType":"VERIFY_START","level":"info","details":{"tx_ref":"tx-022bcaae6f7f-1744020730565"},"meta":{}}
{"timestamp":"2025-04-07 13:19:29.943","service":"payment-service","environment":"development","eventType":"VERIFY_SUCCESS","level":"info","details":{"billId":2},"meta":{}}
{"timestamp":"2025-04-07 14:32:54.795","service":"payment-service","environment":"development","eventType":"INIT_START","level":"info","details":{"amount":"5000.00","currency":"ETB","email":"","first_name":"seid","last_name":" ","phone_number":"0909090909","meta":{"tenantId":"43","hide_receipt":"true"}},"meta":{}}
{"timestamp":"2025-04-07 14:32:56.239","service":"payment-service","environment":"development","eventType":"INIT_SUCCESS","level":"info","details":{"tx_ref":"tx-4d85e231cf8a-1744025574804"},"meta":{}}
{"timestamp":"2025-04-07 14:41:58.585","service":"payment-service","environment":"development","eventType":"VERIFY_START","level":"info","details":{"tx_ref":"tx-4d85e231cf8a-1744025574804"},"meta":{}}
{"timestamp":"2025-04-07 14:41:59.907","service":"payment-service","environment":"development","eventType":"VERIFY_SUCCESS","level":"info","details":{"billId":3},"meta":{}}
{"timestamp":"2025-04-07 14:58:38.641","service":"payment-service","environment":"development","eventType":"INIT_START","level":"info","details":{"amount":"5000.00","currency":"ETB","email":"","first_name":"seid","last_name":" ","phone_number":"0909090909","meta":{"tenantId":"43","hide_receipt":"true"}},"meta":{}}
{"timestamp":"2025-04-07 14:58:41.254","service":"payment-service","environment":"development","eventType":"INIT_SUCCESS","level":"info","details":{"tx_ref":"tx-0b2110137867-1744027118688"},"meta":{}}
{"timestamp":"2025-04-07 15:07:48.188","service":"payment-service","environment":"development","eventType":"INIT_START","level":"info","details":{"amount":"5000.00","currency":"ETB","email":"","first_name":"seid","last_name":" ","phone_number":"0909090909","meta":{"tenantId":"43","hide_receipt":"true"}},"meta":{}}
{"timestamp":"2025-04-07 15:07:50.072","service":"payment-service","environment":"development","eventType":"INIT_SUCCESS","level":"info","details":{"tx_ref":"tx-a31c1b8dee66-1744027668210"},"meta":{}}
{"timestamp":"2025-04-07 15:28:41.840","service":"payment-service","environment":"development","eventType":"INIT_START","level":"info","details":{"amount":"5000.00","currency":"ETB","email":"","first_name":"seid","last_name":" ","phone_number":"0909090909","meta":{"tenantId":"43","hide_receipt":"true"}},"meta":{}}
{"timestamp":"2025-04-07 15:28:47.258","service":"payment-service","environment":"development","eventType":"INIT_SUCCESS","level":"info","details":{"tx_ref":"tx-6186c68d88d1-1744028921940"},"meta":{}}
{"timestamp":"2025-04-07 15:30:16.054","service":"payment-service","environment":"development","eventType":"VERIFY_START","level":"info","details":{"tx_ref":"8ec3ef8efb02fe23"},"meta":{}}
{"timestamp":"2025-04-07 15:30:16.061","service":"payment-service","environment":"development","eventType":"VERIFY_FAIL","level":"error","details":{"message":"Bill not found"},"meta":{}}
{"timestamp":"2025-04-07 15:41:18.782","service":"payment-service","environment":"development","eventType":"INIT_START","level":"info","details":{"amount":"5000.00","currency":"ETB","email":"","first_name":"seid","last_name":" ","phone_number":"0909090909","meta":{"tenantId":"43","hide_receipt":"true"}},"meta":{}}
{"timestamp":"2025-04-07 15:41:20.477","service":"payment-service","environment":"development","eventType":"INIT_SUCCESS","level":"info","details":{"tx_ref":"tx-eff2e9b9b68b-1744029678800"},"meta":{}}
{"timestamp":"2025-04-07 15:42:17.352","service":"payment-service","environment":"development","eventType":"VERIFY_START","level":"info","details":{"tx_ref":"tx-eff2e9b9b68b-1744029678800"},"meta":{}}
{"timestamp":"2025-04-07 15:42:18.442","service":"payment-service","environment":"development","eventType":"VERIFY_SUCCESS","level":"info","details":{"billId":5},"meta":{}}
{"timestamp":"2025-04-07 20:56:17.876","service":"payment-service","environment":"development","eventType":"INIT_START","level":"info","details":{"amount":"5000.00","currency":"ETB","email":"","first_name":"seid","last_name":" ","phone_number":"0909090909","meta":{"tenantId":"43","hide_receipt":"true"}},"meta":{}}
{"timestamp":"2025-04-07 20:56:18.410","service":"payment-service","environment":"development","eventType":"INIT_FAILED","level":"error","details":{"message":"No pending bill found"},"meta":{}}
{"timestamp":"2025-04-07 20:57:17.279","service":"payment-service","environment":"development","eventType":"INIT_START","level":"info","details":{"amount":"5000.00","currency":"ETB","email":"","first_name":"seid","last_name":" ","phone_number":"0909090909","meta":{"tenantId":"43","hide_receipt":"true"}},"meta":{}}
{"timestamp":"2025-04-07 20:57:19.564","service":"payment-service","environment":"development","eventType":"INIT_SUCCESS","level":"info","details":{"tx_ref":"tx-bcc2c2d60ed6-1744048637285"},"meta":{}}
{"timestamp":"2025-04-07 20:59:42.082","service":"payment-service","environment":"development","eventType":"VERIFY_START","level":"info","details":{"tx_ref":"tx-bcc2c2d60ed6-1744048637285"},"meta":{}}
{"timestamp":"2025-04-07 20:59:43.136","service":"payment-service","environment":"development","eventType":"VERIFY_SUCCESS","level":"info","details":{"billId":10},"meta":{}}
