{"timestamp":"2025-05-08 21:46:18.673","service":"payment-service","environment":"development","eventType":"INIT_START","level":"info","details":{"amount":"5300.00","currency":"ETB","email":"","first_name":"seid","last_name":" ","phone_number":"0909090909","meta":{"tenantId":"43","hide_receipt":"true"}},"meta":{}}
{"timestamp":"2025-05-08 21:46:19.410","service":"payment-service","environment":"development","eventType":"INIT_SUCCESS","level":"info","details":{"tx_ref":"tx-b4c8d436bcda-1746729978675"},"meta":{}}
{"timestamp":"2025-05-08 21:48:14.797","service":"payment-service","environment":"development","eventType":"INIT_START","level":"info","details":{"amount":"5300.00","currency":"ETB","email":"","first_name":"seid","last_name":" ","phone_number":"0909090909","meta":{"tenantId":"43","hide_receipt":"true"}},"meta":{}}
{"timestamp":"2025-05-08 21:48:16.620","service":"payment-service","environment":"development","eventType":"INIT_SUCCESS","level":"info","details":{"tx_ref":"tx-a157e2c2f91f-1746730094887"},"meta":{}}
{"timestamp":"2025-05-08 21:48:56.951","service":"payment-service","environment":"development","eventType":"VERIFY_START","level":"info","details":{"tx_ref":"tx-a157e2c2f91f-1746730094887"},"meta":{}}
{"timestamp":"2025-05-08 21:48:57.873","service":"payment-service","environment":"development","eventType":"VERIFY_SUCCESS","level":"info","details":{"billId":17},"meta":{}}
{"timestamp":"2025-05-08 22:01:58.833","service":"payment-service","environment":"development","eventType":"INIT_START","level":"info","details":{"amount":"5350.00","currency":"ETB","email":"","first_name":"seid","last_name":" ","phone_number":"0909090909","meta":{"tenantId":"43","hide_receipt":"true"}},"meta":{}}
{"timestamp":"2025-05-08 22:01:59.725","service":"payment-service","environment":"development","eventType":"INIT_SUCCESS","level":"info","details":{"tx_ref":"tx-b015a78f4638-1746730918836"},"meta":{}}
{"timestamp":"2025-05-08 22:02:20.072","service":"payment-service","environment":"development","eventType":"VERIFY_START","level":"info","details":{"tx_ref":"tx-b015a78f4638-1746730918836"},"meta":{}}
{"timestamp":"2025-05-08 22:02:21.391","service":"payment-service","environment":"development","eventType":"VERIFY_SUCCESS","level":"info","details":{"billId":18},"meta":{}}
{"timestamp":"2025-05-08 15:47:20.869","service":"payment-service","environment":"development","eventType":"INIT_START","level":"info","details":{"amount":"5050.00","currency":"ETB","email":"","first_name":"seid","last_name":" ","phone_number":"0909090909","meta":{"tenantId":"66","hide_receipt":"true"}},"meta":{}}
{"timestamp":"2025-05-08 15:47:22.020","service":"payment-service","environment":"development","eventType":"INIT_SUCCESS","level":"info","details":{"tx_ref":"tx-a5956afda689-1746708440870"},"meta":{}}
{"timestamp":"2025-05-08 15:47:37.484","service":"payment-service","environment":"development","eventType":"VERIFY_START","level":"info","details":{"tx_ref":"tx-a5956afda689-1746708440870"},"meta":{}}
{"timestamp":"2025-05-08 15:47:38.922","service":"payment-service","environment":"development","eventType":"DB_ERROR","level":"error","details":{"message":"Cannot add or update a child row: a foreign key constraint fails (`erp_db`.`monthly_rent_bills`, CONSTRAINT `monthly_rent_bills_ibfk_1` FOREIGN KEY (`building_id`) REFERENCES `buildings` (`id`))"},"meta":{}}
{"timestamp":"2025-05-08 15:47:38.924","service":"payment-service","environment":"development","eventType":"VERIFY_ERROR","level":"error","details":{"message":"Database operation failed"},"meta":{}}
{"timestamp":"2025-05-08 15:54:12.574","service":"payment-service","environment":"development","eventType":"INIT_START","level":"info","details":{"amount":"5100.00","currency":"ETB","email":"","first_name":"seid","last_name":" ","phone_number":"0909090909","meta":{"tenantId":"66","hide_receipt":"true"}},"meta":{}}
{"timestamp":"2025-05-08 15:54:14.254","service":"payment-service","environment":"development","eventType":"INIT_SUCCESS","level":"info","details":{"tx_ref":"tx-6543511bdb6f-1746708852598"},"meta":{}}
{"timestamp":"2025-05-08 15:54:24.731","service":"payment-service","environment":"development","eventType":"VERIFY_START","level":"info","details":{"tx_ref":"tx-6543511bdb6f-1746708852598"},"meta":{}}
{"timestamp":"2025-05-08 15:54:26.041","service":"payment-service","environment":"development","eventType":"VERIFY_SUCCESS","level":"info","details":{"billId":73,"newDueDate":"2025-06-07 23:59:59","termDays":30},"meta":{}}
{"timestamp":"2025-05-08 15:57:15.632","service":"payment-service","environment":"development","eventType":"INIT_START","level":"info","details":{"amount":"5000.00","currency":"ETB","email":"","first_name":"seid","last_name":" ","phone_number":"0909090909","meta":{"tenantId":"66","hide_receipt":"true"}},"meta":{}}
{"timestamp":"2025-05-08 15:57:16.694","service":"payment-service","environment":"development","eventType":"INIT_SUCCESS","level":"info","details":{"tx_ref":"tx-a921d6c6c43b-1746709035634"},"meta":{}}
{"timestamp":"2025-05-08 15:57:25.583","service":"payment-service","environment":"development","eventType":"VERIFY_START","level":"info","details":{"tx_ref":"tx-a921d6c6c43b-1746709035634"},"meta":{}}
{"timestamp":"2025-05-08 15:57:27.095","service":"payment-service","environment":"development","eventType":"VERIFY_SUCCESS","level":"info","details":{"billId":74,"newDueDate":"2025-06-07 23:59:59","termDays":30},"meta":{}}
{"timestamp":"2025-05-08 15:59:50.342","service":"payment-service","environment":"development","eventType":"INIT_START","level":"info","details":{"amount":"5000.00","currency":"ETB","email":"","first_name":"seid","last_name":" ","phone_number":"0909090909","meta":{"tenantId":"66","hide_receipt":"true"}},"meta":{}}
{"timestamp":"2025-05-08 15:59:51.344","service":"payment-service","environment":"development","eventType":"INIT_SUCCESS","level":"info","details":{"tx_ref":"tx-167587f53f7b-1746709190344"},"meta":{}}
{"timestamp":"2025-05-08 16:00:02.532","service":"payment-service","environment":"development","eventType":"VERIFY_START","level":"info","details":{"tx_ref":"tx-167587f53f7b-1746709190344"},"meta":{}}
{"timestamp":"2025-05-08 16:00:03.717","service":"payment-service","environment":"development","eventType":"VERIFY_SUCCESS","level":"info","details":{"billId":75,"newDueDate":"2025-06-07 23:59:59","termDays":30},"meta":{}}
{"timestamp":"2025-05-08 16:09:36.842","service":"payment-service","environment":"development","eventType":"INIT_START","level":"info","details":{"amount":"5000.00","currency":"ETB","email":"","first_name":"seid","last_name":" ","phone_number":"0909090909","meta":{"tenantId":"66","hide_receipt":"true"}},"meta":{}}
{"timestamp":"2025-05-08 16:09:38.419","service":"payment-service","environment":"development","eventType":"INIT_SUCCESS","level":"info","details":{"tx_ref":"tx-4b59fad8883f-1746709776869"},"meta":{}}
{"timestamp":"2025-05-08 16:09:50.455","service":"payment-service","environment":"development","eventType":"VERIFY_START","level":"info","details":{"tx_ref":"tx-4b59fad8883f-1746709776869"},"meta":{}}
{"timestamp":"2025-05-08 16:09:51.570","service":"payment-service","environment":"development","eventType":"DB_ERROR","level":"error","details":{"message":"You have an error in your SQL syntax; check the manual that corresponds to your MariaDB server version for the right syntax to use near '// Clear penalty\n          payment_proof_url = 'chapa'\n        WHERE id = 76' at line 4"},"meta":{}}
{"timestamp":"2025-05-08 16:09:51.571","service":"payment-service","environment":"development","eventType":"VERIFY_ERROR","level":"error","details":{"message":"Database operation failed"},"meta":{}}
{"timestamp":"2025-05-08 16:10:55.886","service":"payment-service","environment":"development","eventType":"INIT_START","level":"info","details":{"amount":"5000.00","currency":"ETB","email":"","first_name":"seid","last_name":" ","phone_number":"0909090909","meta":{"tenantId":"66","hide_receipt":"true"}},"meta":{}}
{"timestamp":"2025-05-08 16:10:57.148","service":"payment-service","environment":"development","eventType":"INIT_SUCCESS","level":"info","details":{"tx_ref":"tx-c888b21a273d-1746709855892"},"meta":{}}
{"timestamp":"2025-05-08 16:11:10.946","service":"payment-service","environment":"development","eventType":"VERIFY_START","level":"info","details":{"tx_ref":"tx-c888b21a273d-1746709855892"},"meta":{}}
{"timestamp":"2025-05-08 16:11:16.405","service":"payment-service","environment":"development","eventType":"VERIFY_SUCCESS","level":"info","details":{"billId":76},"meta":{}}
